<?xml version="1.0" encoding="UTF-8"?>
<coverage generated="1511700742211" clover="3.2.0">
  <project timestamp="1511700742211" name="All files">
    <metrics statements="105" coveredstatements="65" conditionals="18" coveredconditionals="7" methods="33" coveredmethods="17" elements="156" coveredelements="89" complexity="0" loc="105" ncloc="105" packages="4" files="6" classes="6">
      <package name="api">
        <metrics statements="2" coveredstatements="2" conditionals="0" coveredconditionals="0" methods="0" coveredmethods="0"/>
        <file name="data.js" path="/Users/mathieu/Lab/air/api/data.js">
          <metrics statements="2" coveredstatements="2" conditionals="0" coveredconditionals="0" methods="0" coveredmethods="0"/>
          <line num="2" count="1" type="stmt"/>
          <line num="118" count="1" type="stmt"/>
        </file>
      </package>
      <package name="api.controllers">
        <metrics statements="69" coveredstatements="35" conditionals="10" coveredconditionals="6" methods="29" coveredmethods="17"/>
        <file name="consumption.js" path="/Users/mathieu/Lab/air/api/controllers/consumption.js">
          <metrics statements="69" coveredstatements="35" conditionals="10" coveredconditionals="6" methods="29" coveredmethods="17"/>
          <line num="1" count="1" type="stmt"/>
          <line num="2" count="1" type="stmt"/>
          <line num="3" count="1" type="stmt"/>
          <line num="4" count="1" type="stmt"/>
          <line num="7" count="0" type="stmt"/>
          <line num="8" count="0" type="stmt"/>
          <line num="14" count="0" type="stmt"/>
          <line num="15" count="0" type="stmt"/>
          <line num="19" count="0" type="stmt"/>
          <line num="20" count="0" type="stmt"/>
          <line num="27" count="0" type="stmt"/>
          <line num="28" count="0" type="stmt"/>
          <line num="29" count="0" type="stmt"/>
          <line num="31" count="0" type="stmt"/>
          <line num="35" count="0" type="stmt"/>
          <line num="36" count="0" type="stmt"/>
          <line num="37" count="0" type="stmt"/>
          <line num="46" count="4" type="stmt"/>
          <line num="47" count="1" type="stmt"/>
          <line num="48" count="1" type="stmt"/>
          <line num="49" count="1" type="stmt"/>
          <line num="50" count="1" type="stmt"/>
          <line num="52" count="4" type="stmt"/>
          <line num="56" count="384" type="stmt"/>
          <line num="57" count="113" type="stmt"/>
          <line num="58" count="141" type="stmt"/>
          <line num="59" count="113" type="stmt"/>
          <line num="60" count="17" type="stmt"/>
          <line num="62" count="384" type="stmt"/>
          <line num="66" count="5" type="stmt"/>
          <line num="67" count="5" type="stmt"/>
          <line num="71" count="4" type="stmt"/>
          <line num="72" count="4" type="stmt"/>
          <line num="82" count="17" type="stmt"/>
          <line num="83" count="380" type="stmt"/>
          <line num="84" count="380" type="cond" truecount="4" falsecount="0"/>
          <line num="85" count="297" type="stmt"/>
          <line num="87" count="83" type="stmt"/>
          <line num="88" count="83" type="stmt"/>
          <line num="90" count="380" type="stmt"/>
          <line num="100" count="8" type="stmt"/>
          <line num="101" count="38" type="cond" truecount="2" falsecount="0"/>
          <line num="102" count="8" type="stmt"/>
          <line num="104" count="30" type="stmt"/>
          <line num="106" count="38" type="stmt"/>
          <line num="112" count="0" type="stmt"/>
          <line num="115" count="0" type="stmt"/>
          <line num="116" count="0" type="stmt"/>
          <line num="117" count="0" type="cond" truecount="0" falsecount="2"/>
          <line num="118" count="0" type="stmt"/>
          <line num="121" count="0" type="cond" truecount="0" falsecount="2"/>
          <line num="122" count="0" type="stmt"/>
          <line num="124" count="0" type="stmt"/>
          <line num="126" count="0" type="stmt"/>
          <line num="129" count="0" type="stmt"/>
          <line num="130" count="0" type="stmt"/>
          <line num="132" count="0" type="stmt"/>
          <line num="133" count="0" type="stmt"/>
          <line num="135" count="0" type="stmt"/>
          <line num="136" count="0" type="stmt"/>
          <line num="138" count="0" type="stmt"/>
          <line num="139" count="0" type="stmt"/>
          <line num="140" count="0" type="stmt"/>
          <line num="141" count="0" type="stmt"/>
          <line num="150" count="1" type="stmt"/>
          <line num="151" count="1" type="stmt"/>
          <line num="152" count="0" type="stmt"/>
          <line num="153" count="0" type="stmt"/>
          <line num="156" count="1" type="stmt"/>
        </file>
      </package>
      <package name="api.models">
        <metrics statements="27" coveredstatements="22" conditionals="6" coveredconditionals="0" methods="3" coveredmethods="0"/>
        <file name="Consumption.js" path="/Users/mathieu/Lab/air/api/models/Consumption.js">
          <metrics statements="9" coveredstatements="7" conditionals="0" coveredconditionals="0" methods="1" coveredmethods="0"/>
          <line num="1" count="1" type="stmt"/>
          <line num="3" count="1" type="stmt"/>
          <line num="19" count="1" type="stmt"/>
          <line num="20" count="1" type="stmt"/>
          <line num="22" count="1" type="stmt"/>
          <line num="32" count="0" type="stmt"/>
          <line num="33" count="0" type="stmt"/>
          <line num="36" count="1" type="stmt"/>
          <line num="37" count="1" type="stmt"/>
        </file>
        <file name="Product.js" path="/Users/mathieu/Lab/air/api/models/Product.js">
          <metrics statements="5" coveredstatements="5" conditionals="0" coveredconditionals="0" methods="0" coveredmethods="0"/>
          <line num="1" count="1" type="stmt"/>
          <line num="3" count="1" type="stmt"/>
          <line num="27" count="1" type="stmt"/>
          <line num="29" count="1" type="stmt"/>
          <line num="30" count="1" type="stmt"/>
        </file>
        <file name="User.js" path="/Users/mathieu/Lab/air/api/models/User.js">
          <metrics statements="13" coveredstatements="10" conditionals="6" coveredconditionals="0" methods="2" coveredmethods="0"/>
          <line num="1" count="1" type="stmt"/>
          <line num="2" count="1" type="stmt"/>
          <line num="3" count="1" type="stmt"/>
          <line num="5" count="1" type="stmt"/>
          <line num="20" count="1" type="stmt"/>
          <line num="21" count="1" type="stmt"/>
          <line num="23" count="1" type="stmt"/>
          <line num="37" count="1" type="stmt"/>
          <line num="38" count="0" type="stmt"/>
          <line num="52" count="0" type="stmt"/>
          <line num="53" count="0" type="stmt"/>
          <line num="56" count="1" type="stmt"/>
          <line num="57" count="1" type="stmt"/>
        </file>
      </package>
      <package name="api.mongoose">
        <metrics statements="7" coveredstatements="6" conditionals="2" coveredconditionals="1" methods="1" coveredmethods="0"/>
        <file name="index.js" path="/Users/mathieu/Lab/air/api/mongoose/index.js">
          <metrics statements="7" coveredstatements="6" conditionals="2" coveredconditionals="1" methods="1" coveredmethods="0"/>
          <line num="3" count="1" type="stmt"/>
          <line num="4" count="1" type="stmt"/>
          <line num="5" count="1" type="cond" truecount="1" falsecount="1"/>
          <line num="7" count="1" type="stmt"/>
          <line num="8" count="1" type="stmt"/>
          <line num="10" count="0" type="stmt"/>
          <line num="12" count="1" type="stmt"/>
        </file>
      </package>
    </metrics>
  </project>
</coverage>
