{"/home/julien/Ephec-AIR/api/server.js": {"path":"/home/julien/Ephec-AIR/api/server.js","statementMap":{"0":{"start":{"line":3,"column":13},"end":{"line":3,"column":28}},"1":{"start":{"line":4,"column":16},"end":{"line":4,"column":34}},"2":{"start":{"line":5,"column":15},"end":{"line":5,"column":41}},"3":{"start":{"line":6,"column":19},"end":{"line":6,"column":41}},"4":{"start":{"line":7,"column":18},"end":{"line":7,"column":46}},"5":{"start":{"line":8,"column":21},"end":{"line":8,"column":45}},"6":{"start":{"line":9,"column":20},"end":{"line":9,"column":51}},"7":{"start":{"line":10,"column":72},"end":{"line":10,"column":111}},"8":{"start":{"line":11,"column":24},"end":{"line":11,"column":58}},"9":{"start":{"line":12,"column":22},"end":{"line":12,"column":51}},"10":{"start":{"line":13,"column":40},"end":{"line":13,"column":76}},"11":{"start":{"line":14,"column":39},"end":{"line":14,"column":71}},"12":{"start":{"line":15,"column":12},"end":{"line":15,"column":21}},"13":{"start":{"line":17,"column":13},"end":{"line":17,"column":37}},"14":{"start":{"line":18,"column":19},"end":{"line":18,"column":56}},"15":{"start":{"line":21,"column":0},"end":{"line":21,"column":27}},"16":{"start":{"line":22,"column":0},"end":{"line":22,"column":24}},"17":{"start":{"line":23,"column":0},"end":{"line":23,"column":21}},"18":{"start":{"line":26,"column":0},"end":{"line":26,"column":59}},"19":{"start":{"line":26,"column":33},"end":{"line":26,"column":57}},"20":{"start":{"line":27,"column":0},"end":{"line":27,"column":78}},"21":{"start":{"line":28,"column":0},"end":{"line":28,"column":111}},"22":{"start":{"line":29,"column":0},"end":{"line":29,"column":128}},"23":{"start":{"line":30,"column":0},"end":{"line":30,"column":79}},"24":{"start":{"line":31,"column":0},"end":{"line":31,"column":70}},"25":{"start":{"line":32,"column":0},"end":{"line":32,"column":74}},"26":{"start":{"line":34,"column":17},"end":{"line":34,"column":39}},"27":{"start":{"line":35,"column":0},"end":{"line":37,"column":3}},"28":{"start":{"line":36,"column":2},"end":{"line":36,"column":55}},"29":{"start":{"line":39,"column":0},"end":{"line":42,"column":1}}},"fnMap":{"0":{"name":"(anonymous_0)","decl":{"start":{"line":26,"column":19},"end":{"line":26,"column":20}},"loc":{"start":{"line":26,"column":33},"end":{"line":26,"column":57}},"line":26},"1":{"name":"(anonymous_1)","decl":{"start":{"line":35,"column":24},"end":{"line":35,"column":25}},"loc":{"start":{"line":35,"column":29},"end":{"line":37,"column":1}},"line":35}},"branchMap":{"0":{"loc":{"start":{"line":17,"column":13},"end":{"line":17,"column":37}},"type":"binary-expr","locations":[{"start":{"line":17,"column":13},"end":{"line":17,"column":29}},{"start":{"line":17,"column":33},"end":{"line":17,"column":37}}],"line":17}},"s":{"0":1,"1":1,"2":1,"3":1,"4":1,"5":1,"6":1,"7":1,"8":1,"9":1,"10":1,"11":1,"12":1,"13":1,"14":1,"15":1,"16":1,"17":1,"18":1,"19":0,"20":1,"21":1,"22":1,"23":1,"24":1,"25":1,"26":1,"27":1,"28":1,"29":1},"f":{"0":0,"1":1},"b":{"0":[1,1]},"_coverageSchema":"332fd63041d2c1bcb487cc26dd0d5f7d97098a6c","hash":"d6e4c6a3061d1bca58cd6d31da69d92b1d5a88d1"}
,"/home/julien/Ephec-AIR/api/controllers/auth.js": {"path":"/home/julien/Ephec-AIR/api/controllers/auth.js","statementMap":{"0":{"start":{"line":1,"column":14},"end":{"line":1,"column":35}},"1":{"start":{"line":2,"column":13},"end":{"line":2,"column":38}},"2":{"start":{"line":3,"column":16},"end":{"line":3,"column":44}},"3":{"start":{"line":4,"column":17},"end":{"line":4,"column":49}},"4":{"start":{"line":7,"column":19},"end":{"line":15,"column":4}},"5":{"start":{"line":17,"column":2},"end":{"line":21,"column":3}},"6":{"start":{"line":19,"column":4},"end":{"line":19,"column":52}},"7":{"start":{"line":20,"column":4},"end":{"line":20,"column":11}},"8":{"start":{"line":23,"column":15},"end":{"line":23,"column":36}},"9":{"start":{"line":24,"column":13},"end":{"line":24,"column":51}},"10":{"start":{"line":26,"column":2},"end":{"line":30,"column":3}},"11":{"start":{"line":27,"column":4},"end":{"line":29,"column":14}},"12":{"start":{"line":31,"column":16},"end":{"line":31,"column":47}},"13":{"start":{"line":32,"column":2},"end":{"line":32,"column":31}},"14":{"start":{"line":36,"column":19},"end":{"line":36,"column":27}},"15":{"start":{"line":38,"column":15},"end":{"line":38,"column":60}},"16":{"start":{"line":39,"column":2},"end":{"line":39,"column":23}},"17":{"start":{"line":40,"column":2},"end":{"line":40,"column":20}},"18":{"start":{"line":43,"column":16},"end":{"line":43,"column":51}},"19":{"start":{"line":44,"column":2},"end":{"line":44,"column":32}},"20":{"start":{"line":47,"column":0},"end":{"line":50,"column":2}}},"fnMap":{"0":{"name":"login","decl":{"start":{"line":6,"column":15},"end":{"line":6,"column":20}},"loc":{"start":{"line":6,"column":31},"end":{"line":33,"column":1}},"line":6},"1":{"name":"sync","decl":{"start":{"line":35,"column":15},"end":{"line":35,"column":19}},"loc":{"start":{"line":35,"column":30},"end":{"line":45,"column":1}},"line":35}},"branchMap":{"0":{"loc":{"start":{"line":17,"column":2},"end":{"line":21,"column":3}},"type":"if","locations":[{"start":{"line":17,"column":2},"end":{"line":21,"column":3}},{"start":{"line":17,"column":2},"end":{"line":21,"column":3}}],"line":17},"1":{"loc":{"start":{"line":26,"column":2},"end":{"line":30,"column":3}},"type":"if","locations":[{"start":{"line":26,"column":2},"end":{"line":30,"column":3}},{"start":{"line":26,"column":2},"end":{"line":30,"column":3}}],"line":26}},"s":{"0":1,"1":1,"2":1,"3":1,"4":2,"5":2,"6":1,"7":1,"8":1,"9":1,"10":1,"11":1,"12":1,"13":1,"14":2,"15":2,"16":2,"17":2,"18":2,"19":2,"20":1},"f":{"0":2,"1":2},"b":{"0":[1,1],"1":[1,0]},"_coverageSchema":"332fd63041d2c1bcb487cc26dd0d5f7d97098a6c","hash":"0afe293beed4d94d88000ee6cbe07875721f114a"}
,"/home/julien/Ephec-AIR/api/controllers/consumption.js": {"path":"/home/julien/Ephec-AIR/api/controllers/consumption.js","statementMap":{"0":{"start":{"line":1,"column":13},"end":{"line":1,"column":38}},"1":{"start":{"line":2,"column":16},"end":{"line":2,"column":44}},"2":{"start":{"line":3,"column":20},"end":{"line":3,"column":52}},"3":{"start":{"line":6,"column":26},"end":{"line":6,"column":34}},"4":{"start":{"line":7,"column":15},"end":{"line":11,"column":3}},"5":{"start":{"line":13,"column":2},"end":{"line":13,"column":37}},"6":{"start":{"line":14,"column":2},"end":{"line":14,"column":24}},"7":{"start":{"line":18,"column":2},"end":{"line":18,"column":74}},"8":{"start":{"line":21,"column":0},"end":{"line":24,"column":2}}},"fnMap":{"0":{"name":"add","decl":{"start":{"line":5,"column":15},"end":{"line":5,"column":18}},"loc":{"start":{"line":5,"column":29},"end":{"line":15,"column":1}},"line":5},"1":{"name":"get","decl":{"start":{"line":17,"column":15},"end":{"line":17,"column":18}},"loc":{"start":{"line":17,"column":29},"end":{"line":19,"column":1}},"line":17}},"branchMap":{},"s":{"0":1,"1":1,"2":1,"3":2,"4":2,"5":2,"6":2,"7":1,"8":1},"f":{"0":2,"1":1},"b":{},"_coverageSchema":"332fd63041d2c1bcb487cc26dd0d5f7d97098a6c","hash":"ea90f592ffe36fd4b3e1bfd5ae1abbf04bd94ef9"}
,"/home/julien/Ephec-AIR/api/controllers/product.js": {"path":"/home/julien/Ephec-AIR/api/controllers/product.js","statementMap":{"0":{"start":{"line":1,"column":20},"end":{"line":1,"column":35}},"1":{"start":{"line":2,"column":15},"end":{"line":2,"column":32}},"2":{"start":{"line":3,"column":13},"end":{"line":3,"column":31}},"3":{"start":{"line":4,"column":13},"end":{"line":4,"column":38}},"4":{"start":{"line":5,"column":16},"end":{"line":5,"column":44}},"5":{"start":{"line":6,"column":20},"end":{"line":6,"column":52}},"6":{"start":{"line":9,"column":17},"end":{"line":9,"column":23}},"7":{"start":{"line":10,"column":21},"end":{"line":10,"column":81}},"8":{"start":{"line":11,"column":22},"end":{"line":11,"column":82}},"9":{"start":{"line":12,"column":18},"end":{"line":12,"column":77}},"10":{"start":{"line":13,"column":2},"end":{"line":13,"column":51}},"11":{"start":{"line":17,"column":18},"end":{"line":17,"column":66}},"12":{"start":{"line":18,"column":2},"end":{"line":18,"column":43}},"13":{"start":{"line":19,"column":2},"end":{"line":19,"column":23}},"14":{"start":{"line":21,"column":2},"end":{"line":21,"column":24}},"15":{"start":{"line":25,"column":2},"end":{"line":29,"column":3}},"16":{"start":{"line":32,"column":0},"end":{"line":35,"column":2}}},"fnMap":{"0":{"name":"create","decl":{"start":{"line":8,"column":15},"end":{"line":8,"column":21}},"loc":{"start":{"line":8,"column":32},"end":{"line":14,"column":1}},"line":8},"1":{"name":"setPostalCode","decl":{"start":{"line":16,"column":15},"end":{"line":16,"column":28}},"loc":{"start":{"line":16,"column":39},"end":{"line":22,"column":1}},"line":16},"2":{"name":"simpleProductJson","decl":{"start":{"line":24,"column":9},"end":{"line":24,"column":26}},"loc":{"start":{"line":24,"column":36},"end":{"line":30,"column":1}},"line":24}},"branchMap":{},"s":{"0":1,"1":1,"2":1,"3":1,"4":1,"5":1,"6":1,"7":1,"8":1,"9":1,"10":1,"11":1,"12":1,"13":1,"14":1,"15":1,"16":1},"f":{"0":1,"1":1,"2":1},"b":{},"_coverageSchema":"332fd63041d2c1bcb487cc26dd0d5f7d97098a6c","hash":"bb715a238f1ee5b35ba54c6ce14f22ae69818335"}
,"/home/julien/Ephec-AIR/api/middlewares/authorizations.js": {"path":"/home/julien/Ephec-AIR/api/middlewares/authorizations.js","statementMap":{"0":{"start":{"line":1,"column":12},"end":{"line":1,"column":34}},"1":{"start":{"line":2,"column":16},"end":{"line":2,"column":44}},"2":{"start":{"line":3,"column":19},"end":{"line":3,"column":41}},"3":{"start":{"line":5,"column":17},"end":{"line":15,"column":2}},"4":{"start":{"line":8,"column":4},"end":{"line":12,"column":5}},"5":{"start":{"line":9,"column":6},"end":{"line":9,"column":53}},"6":{"start":{"line":10,"column":11},"end":{"line":12,"column":5}},"7":{"start":{"line":11,"column":6},"end":{"line":11,"column":29}},"8":{"start":{"line":13,"column":4},"end":{"line":13,"column":16}},"9":{"start":{"line":17,"column":18},"end":{"line":23,"column":1}},"10":{"start":{"line":18,"column":2},"end":{"line":21,"column":3}},"11":{"start":{"line":19,"column":4},"end":{"line":19,"column":41}},"12":{"start":{"line":20,"column":4},"end":{"line":20,"column":11}},"13":{"start":{"line":22,"column":2},"end":{"line":22,"column":9}},"14":{"start":{"line":25,"column":18},"end":{"line":39,"column":1}},"15":{"start":{"line":26,"column":32},"end":{"line":26,"column":40}},"16":{"start":{"line":27,"column":18},"end":{"line":27,"column":49}},"17":{"start":{"line":29,"column":2},"end":{"line":32,"column":3}},"18":{"start":{"line":30,"column":4},"end":{"line":30,"column":26}},"19":{"start":{"line":31,"column":4},"end":{"line":31,"column":11}},"20":{"start":{"line":34,"column":2},"end":{"line":37,"column":3}},"21":{"start":{"line":35,"column":4},"end":{"line":35,"column":26}},"22":{"start":{"line":36,"column":4},"end":{"line":36,"column":10}},"23":{"start":{"line":38,"column":2},"end":{"line":38,"column":9}},"24":{"start":{"line":41,"column":22},"end":{"line":60,"column":1}},"25":{"start":{"line":42,"column":31},"end":{"line":42,"column":39}},"26":{"start":{"line":43,"column":18},"end":{"line":43,"column":49}},"27":{"start":{"line":45,"column":2},"end":{"line":48,"column":3}},"28":{"start":{"line":46,"column":4},"end":{"line":46,"column":26}},"29":{"start":{"line":47,"column":4},"end":{"line":47,"column":11}},"30":{"start":{"line":50,"column":2},"end":{"line":53,"column":3}},"31":{"start":{"line":51,"column":4},"end":{"line":51,"column":26}},"32":{"start":{"line":52,"column":4},"end":{"line":52,"column":11}},"33":{"start":{"line":55,"column":2},"end":{"line":58,"column":3}},"34":{"start":{"line":56,"column":4},"end":{"line":56,"column":26}},"35":{"start":{"line":57,"column":4},"end":{"line":57,"column":11}},"36":{"start":{"line":59,"column":2},"end":{"line":59,"column":9}},"37":{"start":{"line":62,"column":23},"end":{"line":68,"column":1}},"38":{"start":{"line":63,"column":2},"end":{"line":66,"column":3}},"39":{"start":{"line":64,"column":4},"end":{"line":64,"column":26}},"40":{"start":{"line":65,"column":4},"end":{"line":65,"column":11}},"41":{"start":{"line":67,"column":2},"end":{"line":67,"column":9}},"42":{"start":{"line":70,"column":0},"end":{"line":76,"column":1}}},"fnMap":{"0":{"name":"(anonymous_0)","decl":{"start":{"line":7,"column":12},"end":{"line":7,"column":13}},"loc":{"start":{"line":7,"column":27},"end":{"line":14,"column":3}},"line":7},"1":{"name":"(anonymous_1)","decl":{"start":{"line":17,"column":18},"end":{"line":17,"column":19}},"loc":{"start":{"line":17,"column":38},"end":{"line":23,"column":1}},"line":17},"2":{"name":"(anonymous_2)","decl":{"start":{"line":25,"column":18},"end":{"line":25,"column":19}},"loc":{"start":{"line":25,"column":44},"end":{"line":39,"column":1}},"line":25},"3":{"name":"(anonymous_3)","decl":{"start":{"line":41,"column":22},"end":{"line":41,"column":23}},"loc":{"start":{"line":41,"column":48},"end":{"line":60,"column":1}},"line":41},"4":{"name":"(anonymous_4)","decl":{"start":{"line":62,"column":23},"end":{"line":62,"column":24}},"loc":{"start":{"line":62,"column":43},"end":{"line":68,"column":1}},"line":62}},"branchMap":{"0":{"loc":{"start":{"line":8,"column":4},"end":{"line":12,"column":5}},"type":"if","locations":[{"start":{"line":8,"column":4},"end":{"line":12,"column":5}},{"start":{"line":8,"column":4},"end":{"line":12,"column":5}}],"line":8},"1":{"loc":{"start":{"line":8,"column":8},"end":{"line":8,"column":89}},"type":"binary-expr","locations":[{"start":{"line":8,"column":8},"end":{"line":8,"column":33}},{"start":{"line":8,"column":37},"end":{"line":8,"column":89}}],"line":8},"2":{"loc":{"start":{"line":10,"column":11},"end":{"line":12,"column":5}},"type":"if","locations":[{"start":{"line":10,"column":11},"end":{"line":12,"column":5}},{"start":{"line":10,"column":11},"end":{"line":12,"column":5}}],"line":10},"3":{"loc":{"start":{"line":10,"column":15},"end":{"line":10,"column":45}},"type":"binary-expr","locations":[{"start":{"line":10,"column":15},"end":{"line":10,"column":26}},{"start":{"line":10,"column":30},"end":{"line":10,"column":45}}],"line":10},"4":{"loc":{"start":{"line":18,"column":2},"end":{"line":21,"column":3}},"type":"if","locations":[{"start":{"line":18,"column":2},"end":{"line":21,"column":3}},{"start":{"line":18,"column":2},"end":{"line":21,"column":3}}],"line":18},"5":{"loc":{"start":{"line":29,"column":2},"end":{"line":32,"column":3}},"type":"if","locations":[{"start":{"line":29,"column":2},"end":{"line":32,"column":3}},{"start":{"line":29,"column":2},"end":{"line":32,"column":3}}],"line":29},"6":{"loc":{"start":{"line":34,"column":2},"end":{"line":37,"column":3}},"type":"if","locations":[{"start":{"line":34,"column":2},"end":{"line":37,"column":3}},{"start":{"line":34,"column":2},"end":{"line":37,"column":3}}],"line":34},"7":{"loc":{"start":{"line":45,"column":2},"end":{"line":48,"column":3}},"type":"if","locations":[{"start":{"line":45,"column":2},"end":{"line":48,"column":3}},{"start":{"line":45,"column":2},"end":{"line":48,"column":3}}],"line":45},"8":{"loc":{"start":{"line":50,"column":2},"end":{"line":53,"column":3}},"type":"if","locations":[{"start":{"line":50,"column":2},"end":{"line":53,"column":3}},{"start":{"line":50,"column":2},"end":{"line":53,"column":3}}],"line":50},"9":{"loc":{"start":{"line":55,"column":2},"end":{"line":58,"column":3}},"type":"if","locations":[{"start":{"line":55,"column":2},"end":{"line":58,"column":3}},{"start":{"line":55,"column":2},"end":{"line":58,"column":3}}],"line":55},"10":{"loc":{"start":{"line":63,"column":2},"end":{"line":66,"column":3}},"type":"if","locations":[{"start":{"line":63,"column":2},"end":{"line":66,"column":3}},{"start":{"line":63,"column":2},"end":{"line":66,"column":3}}],"line":63}},"s":{"0":1,"1":1,"2":1,"3":1,"4":16,"5":13,"6":3,"7":0,"8":3,"9":1,"10":2,"11":1,"12":1,"13":1,"14":1,"15":4,"16":4,"17":4,"18":1,"19":1,"20":3,"21":1,"22":1,"23":2,"24":1,"25":5,"26":5,"27":5,"28":1,"29":1,"30":4,"31":1,"32":1,"33":3,"34":1,"35":1,"36":2,"37":1,"38":4,"39":2,"40":2,"41":2,"42":1},"f":{"0":16,"1":2,"2":4,"3":5,"4":4},"b":{"0":[13,3],"1":[16,13],"2":[0,3],"3":[3,3],"4":[1,1],"5":[1,3],"6":[1,2],"7":[1,4],"8":[1,3],"9":[1,2],"10":[2,2]},"_coverageSchema":"332fd63041d2c1bcb487cc26dd0d5f7d97098a6c","hash":"1cefa7a8fb91b9199adaffdcd00652a2b8d0bf91"}
,"/home/julien/Ephec-AIR/api/middlewares/errors.js": {"path":"/home/julien/Ephec-AIR/api/middlewares/errors.js","statementMap":{"0":{"start":{"line":1,"column":0},"end":{"line":5,"column":1}},"1":{"start":{"line":2,"column":2},"end":{"line":4,"column":3}},"2":{"start":{"line":3,"column":4},"end":{"line":3,"column":42}}},"fnMap":{"0":{"name":"(anonymous_0)","decl":{"start":{"line":1,"column":17},"end":{"line":1,"column":18}},"loc":{"start":{"line":1,"column":25},"end":{"line":5,"column":1}},"line":1},"1":{"name":"(anonymous_1)","decl":{"start":{"line":2,"column":9},"end":{"line":2,"column":10}},"loc":{"start":{"line":2,"column":34},"end":{"line":4,"column":3}},"line":2}},"branchMap":{},"s":{"0":1,"1":8,"2":18},"f":{"0":8,"1":18},"b":{},"_coverageSchema":"332fd63041d2c1bcb487cc26dd0d5f7d97098a6c","hash":"a6780a36aa98c09e5d015f754beb7d2a52478970"}
,"/home/julien/Ephec-AIR/api/middlewares/validator.js": {"path":"/home/julien/Ephec-AIR/api/middlewares/validator.js","statementMap":{"0":{"start":{"line":3,"column":4},"end":{"line":5,"column":5}},"1":{"start":{"line":4,"column":6},"end":{"line":4,"column":62}},"2":{"start":{"line":6,"column":19},"end":{"line":6,"column":41}},"3":{"start":{"line":7,"column":4},"end":{"line":9,"column":5}},"4":{"start":{"line":8,"column":6},"end":{"line":8,"column":71}},"5":{"start":{"line":8,"column":60},"end":{"line":8,"column":67}},"6":{"start":{"line":10,"column":4},"end":{"line":10,"column":11}},"7":{"start":{"line":12,"column":2},"end":{"line":12,"column":17}},"8":{"start":{"line":15,"column":0},"end":{"line":17,"column":1}}},"fnMap":{"0":{"name":"requireFields","decl":{"start":{"line":1,"column":9},"end":{"line":1,"column":22}},"loc":{"start":{"line":1,"column":34},"end":{"line":13,"column":1}},"line":1},"1":{"name":"wrapped","decl":{"start":{"line":2,"column":11},"end":{"line":2,"column":18}},"loc":{"start":{"line":2,"column":35},"end":{"line":11,"column":3}},"line":2},"2":{"name":"(anonymous_2)","decl":{"start":{"line":8,"column":53},"end":{"line":8,"column":54}},"loc":{"start":{"line":8,"column":60},"end":{"line":8,"column":67}},"line":8}},"branchMap":{"0":{"loc":{"start":{"line":7,"column":4},"end":{"line":9,"column":5}},"type":"if","locations":[{"start":{"line":7,"column":4},"end":{"line":9,"column":5}},{"start":{"line":7,"column":4},"end":{"line":9,"column":5}}],"line":7}},"s":{"0":20,"1":48,"2":20,"3":20,"4":9,"5":11,"6":11,"7":3,"8":1},"f":{"0":3,"1":20,"2":11},"b":{"0":[9,11]},"_coverageSchema":"332fd63041d2c1bcb487cc26dd0d5f7d97098a6c","hash":"4e153c7bf1d7407351bf449a0e11b42113dabd3b"}
,"/home/julien/Ephec-AIR/api/models/Consumption.js": {"path":"/home/julien/Ephec-AIR/api/models/Consumption.js","statementMap":{"0":{"start":{"line":1,"column":17},"end":{"line":1,"column":39}},"1":{"start":{"line":3,"column":26},"end":{"line":18,"column":2}},"2":{"start":{"line":21,"column":2},"end":{"line":21,"column":26}},"3":{"start":{"line":22,"column":2},"end":{"line":22,"column":9}},"4":{"start":{"line":25,"column":20},"end":{"line":25,"column":68}},"5":{"start":{"line":26,"column":0},"end":{"line":26,"column":29}}},"fnMap":{"0":{"name":"autopopulate","decl":{"start":{"line":20,"column":9},"end":{"line":20,"column":21}},"loc":{"start":{"line":20,"column":28},"end":{"line":23,"column":1}},"line":20}},"branchMap":{},"s":{"0":1,"1":1,"2":0,"3":0,"4":1,"5":1},"f":{"0":0},"b":{},"_coverageSchema":"332fd63041d2c1bcb487cc26dd0d5f7d97098a6c","hash":"26fb47bf1ed52fa4ad927c0dab3150cd4dca4e34"}
,"/home/julien/Ephec-AIR/api/models/Product.js": {"path":"/home/julien/Ephec-AIR/api/models/Product.js","statementMap":{"0":{"start":{"line":1,"column":17},"end":{"line":1,"column":39}},"1":{"start":{"line":3,"column":22},"end":{"line":25,"column":2}},"2":{"start":{"line":27,"column":0},"end":{"line":27,"column":49}},"3":{"start":{"line":29,"column":16},"end":{"line":29,"column":56}},"4":{"start":{"line":30,"column":0},"end":{"line":30,"column":25}}},"fnMap":{},"branchMap":{},"s":{"0":1,"1":1,"2":1,"3":1,"4":1},"f":{},"b":{},"_coverageSchema":"332fd63041d2c1bcb487cc26dd0d5f7d97098a6c","hash":"47d468cad82c11e04f58f8e735107b4ad98d2063"}
,"/home/julien/Ephec-AIR/api/models/User.js": {"path":"/home/julien/Ephec-AIR/api/models/User.js","statementMap":{"0":{"start":{"line":1,"column":17},"end":{"line":1,"column":39}},"1":{"start":{"line":2,"column":12},"end":{"line":2,"column":35}},"2":{"start":{"line":3,"column":19},"end":{"line":3,"column":41}},"3":{"start":{"line":5,"column":19},"end":{"line":19,"column":2}},"4":{"start":{"line":20,"column":0},"end":{"line":20,"column":46}},"5":{"start":{"line":27,"column":0},"end":{"line":37,"column":1}},"6":{"start":{"line":28,"column":2},"end":{"line":36,"column":5}},"7":{"start":{"line":39,"column":13},"end":{"line":39,"column":47}},"8":{"start":{"line":40,"column":0},"end":{"line":40,"column":22}}},"fnMap":{"0":{"name":"(anonymous_0)","decl":{"start":{"line":27,"column":33},"end":{"line":27,"column":34}},"loc":{"start":{"line":27,"column":52},"end":{"line":37,"column":1}},"line":27}},"branchMap":{"0":{"loc":{"start":{"line":31,"column":14},"end":{"line":31,"column":33}},"type":"binary-expr","locations":[{"start":{"line":31,"column":14},"end":{"line":31,"column":25}},{"start":{"line":31,"column":29},"end":{"line":31,"column":33}}],"line":31}},"s":{"0":1,"1":1,"2":1,"3":1,"4":1,"5":1,"6":15,"7":1,"8":1},"f":{"0":15},"b":{"0":[15,11]},"_coverageSchema":"332fd63041d2c1bcb487cc26dd0d5f7d97098a6c","hash":"eb51b58ae84bcf86be0a11779e2555a49294757c"}
,"/home/julien/Ephec-AIR/api/mongoose/index.js": {"path":"/home/julien/Ephec-AIR/api/mongoose/index.js","statementMap":{"0":{"start":{"line":3,"column":17},"end":{"line":3,"column":36}},"1":{"start":{"line":4,"column":19},"end":{"line":4,"column":56}},"2":{"start":{"line":5,"column":14},"end":{"line":5,"column":78}},"3":{"start":{"line":7,"column":0},"end":{"line":7,"column":34}},"4":{"start":{"line":8,"column":0},"end":{"line":10,"column":36}},"5":{"start":{"line":10,"column":16},"end":{"line":10,"column":34}},"6":{"start":{"line":12,"column":0},"end":{"line":12,"column":26}}},"fnMap":{"0":{"name":"(anonymous_0)","decl":{"start":{"line":10,"column":9},"end":{"line":10,"column":10}},"loc":{"start":{"line":10,"column":16},"end":{"line":10,"column":34}},"line":10}},"branchMap":{"0":{"loc":{"start":{"line":5,"column":14},"end":{"line":5,"column":78}},"type":"cond-expr","locations":[{"start":{"line":5,"column":27},"end":{"line":5,"column":44}},{"start":{"line":5,"column":47},"end":{"line":5,"column":78}}],"line":5}},"s":{"0":1,"1":1,"2":1,"3":1,"4":1,"5":0,"6":1},"f":{"0":0},"b":{"0":[0,1]},"_coverageSchema":"332fd63041d2c1bcb487cc26dd0d5f7d97098a6c","hash":"32aa2263f0a9d589cdf24e95e0f3bdbbfb6e27d9"}
,"/home/julien/Ephec-AIR/api/utils/index.js": {"path":"/home/julien/Ephec-AIR/api/utils/index.js","statementMap":{"0":{"start":{"line":1,"column":17},"end":{"line":1,"column":39}},"1":{"start":{"line":4,"column":2},"end":{"line":6,"column":3}},"2":{"start":{"line":5,"column":4},"end":{"line":5,"column":65}},"3":{"start":{"line":9,"column":0},"end":{"line":11,"column":2}}},"fnMap":{"0":{"name":"cleanDB","decl":{"start":{"line":3,"column":15},"end":{"line":3,"column":22}},"loc":{"start":{"line":3,"column":25},"end":{"line":7,"column":1}},"line":3}},"branchMap":{},"s":{"0":1,"1":1,"2":3,"3":1},"f":{"0":1},"b":{},"_coverageSchema":"332fd63041d2c1bcb487cc26dd0d5f7d97098a6c","hash":"980e0b2d49ac54c545678b5295eaffd55f8c68d1"}
}
