{"/Users/mathieu/Lab/air/api/data.js": {"path":"/Users/mathieu/Lab/air/api/data.js","statementMap":{"0":{"start":{"line":2,"column":21},"end":{"line":116,"column":1}},"1":{"start":{"line":118,"column":0},"end":{"line":118,"column":30}}},"fnMap":{},"branchMap":{},"s":{"0":1,"1":1},"f":{},"b":{},"_coverageSchema":"332fd63041d2c1bcb487cc26dd0d5f7d97098a6c","hash":"8fbb1aef63fc06074ccbe9ff8331de0a6a0bc395"}
,"/Users/mathieu/Lab/air/api/server.js": {"path":"/Users/mathieu/Lab/air/api/server.js","statementMap":{"0":{"start":{"line":3,"column":13},"end":{"line":3,"column":28}},"1":{"start":{"line":4,"column":12},"end":{"line":4,"column":26}},"2":{"start":{"line":5,"column":13},"end":{"line":5,"column":28}},"3":{"start":{"line":6,"column":16},"end":{"line":6,"column":34}},"4":{"start":{"line":7,"column":15},"end":{"line":7,"column":41}},"5":{"start":{"line":8,"column":19},"end":{"line":8,"column":41}},"6":{"start":{"line":9,"column":18},"end":{"line":9,"column":46}},"7":{"start":{"line":10,"column":20},"end":{"line":10,"column":51}},"8":{"start":{"line":11,"column":72},"end":{"line":11,"column":111}},"9":{"start":{"line":12,"column":38},"end":{"line":12,"column":72}},"10":{"start":{"line":13,"column":22},"end":{"line":13,"column":51}},"11":{"start":{"line":14,"column":47},"end":{"line":14,"column":83}},"12":{"start":{"line":15,"column":39},"end":{"line":15,"column":71}},"13":{"start":{"line":16,"column":12},"end":{"line":16,"column":21}},"14":{"start":{"line":18,"column":13},"end":{"line":18,"column":37}},"15":{"start":{"line":19,"column":19},"end":{"line":19,"column":56}},"16":{"start":{"line":20,"column":20},"end":{"line":30,"column":1}},"17":{"start":{"line":22,"column":4},"end":{"line":25,"column":5}},"18":{"start":{"line":23,"column":6},"end":{"line":23,"column":22}},"19":{"start":{"line":24,"column":6},"end":{"line":24,"column":13}},"20":{"start":{"line":26,"column":14},"end":{"line":26,"column":31}},"21":{"start":{"line":27,"column":4},"end":{"line":27,"column":69}},"22":{"start":{"line":33,"column":0},"end":{"line":33,"column":27}},"23":{"start":{"line":34,"column":0},"end":{"line":34,"column":27}},"24":{"start":{"line":35,"column":0},"end":{"line":35,"column":21}},"25":{"start":{"line":38,"column":0},"end":{"line":38,"column":59}},"26":{"start":{"line":38,"column":33},"end":{"line":38,"column":57}},"27":{"start":{"line":39,"column":0},"end":{"line":39,"column":78}},"28":{"start":{"line":40,"column":0},"end":{"line":40,"column":111}},"29":{"start":{"line":41,"column":0},"end":{"line":41,"column":128}},"30":{"start":{"line":42,"column":0},"end":{"line":42,"column":117}},"31":{"start":{"line":43,"column":0},"end":{"line":43,"column":70}},"32":{"start":{"line":44,"column":0},"end":{"line":44,"column":74}},"33":{"start":{"line":45,"column":0},"end":{"line":45,"column":102}},"34":{"start":{"line":47,"column":17},"end":{"line":47,"column":39}},"35":{"start":{"line":48,"column":0},"end":{"line":50,"column":3}},"36":{"start":{"line":49,"column":2},"end":{"line":49,"column":55}},"37":{"start":{"line":52,"column":0},"end":{"line":55,"column":1}}},"fnMap":{"0":{"name":"(anonymous_0)","decl":{"start":{"line":21,"column":10},"end":{"line":21,"column":11}},"loc":{"start":{"line":21,"column":26},"end":{"line":28,"column":3}},"line":21},"1":{"name":"(anonymous_1)","decl":{"start":{"line":38,"column":19},"end":{"line":38,"column":20}},"loc":{"start":{"line":38,"column":33},"end":{"line":38,"column":57}},"line":38},"2":{"name":"(anonymous_2)","decl":{"start":{"line":48,"column":24},"end":{"line":48,"column":25}},"loc":{"start":{"line":48,"column":29},"end":{"line":50,"column":1}},"line":48}},"branchMap":{"0":{"loc":{"start":{"line":18,"column":13},"end":{"line":18,"column":37}},"type":"binary-expr","locations":[{"start":{"line":18,"column":13},"end":{"line":18,"column":29}},{"start":{"line":18,"column":33},"end":{"line":18,"column":37}}],"line":18},"1":{"loc":{"start":{"line":22,"column":4},"end":{"line":25,"column":5}},"type":"if","locations":[{"start":{"line":22,"column":4},"end":{"line":25,"column":5}},{"start":{"line":22,"column":4},"end":{"line":25,"column":5}}],"line":22},"2":{"loc":{"start":{"line":27,"column":13},"end":{"line":27,"column":67}},"type":"binary-expr","locations":[{"start":{"line":27,"column":13},"end":{"line":27,"column":38}},{"start":{"line":27,"column":42},"end":{"line":27,"column":67}}],"line":27}},"s":{"0":1,"1":1,"2":1,"3":1,"4":1,"5":1,"6":1,"7":1,"8":1,"9":1,"10":1,"11":1,"12":1,"13":1,"14":1,"15":1,"16":1,"17":16,"18":16,"19":16,"20":0,"21":0,"22":1,"23":1,"24":1,"25":1,"26":0,"27":1,"28":1,"29":1,"30":1,"31":1,"32":1,"33":1,"34":1,"35":1,"36":1,"37":1},"f":{"0":16,"1":0,"2":1},"b":{"0":[1,1],"1":[16,0],"2":[0,0]},"_coverageSchema":"332fd63041d2c1bcb487cc26dd0d5f7d97098a6c","hash":"0b1163e2a17763d91618b0f2c021ca7e5c80a648"}
,"/Users/mathieu/Lab/air/api/controllers/auth.js": {"path":"/Users/mathieu/Lab/air/api/controllers/auth.js","statementMap":{"0":{"start":{"line":1,"column":14},"end":{"line":1,"column":35}},"1":{"start":{"line":2,"column":13},"end":{"line":2,"column":38}},"2":{"start":{"line":3,"column":16},"end":{"line":3,"column":44}},"3":{"start":{"line":4,"column":17},"end":{"line":4,"column":49}},"4":{"start":{"line":7,"column":19},"end":{"line":15,"column":4}},"5":{"start":{"line":17,"column":2},"end":{"line":21,"column":3}},"6":{"start":{"line":19,"column":4},"end":{"line":19,"column":52}},"7":{"start":{"line":20,"column":4},"end":{"line":20,"column":11}},"8":{"start":{"line":23,"column":15},"end":{"line":23,"column":36}},"9":{"start":{"line":24,"column":13},"end":{"line":24,"column":51}},"10":{"start":{"line":26,"column":2},"end":{"line":30,"column":3}},"11":{"start":{"line":27,"column":4},"end":{"line":29,"column":14}},"12":{"start":{"line":31,"column":16},"end":{"line":31,"column":47}},"13":{"start":{"line":32,"column":2},"end":{"line":32,"column":31}},"14":{"start":{"line":36,"column":19},"end":{"line":36,"column":27}},"15":{"start":{"line":38,"column":15},"end":{"line":38,"column":60}},"16":{"start":{"line":39,"column":2},"end":{"line":39,"column":23}},"17":{"start":{"line":40,"column":2},"end":{"line":40,"column":20}},"18":{"start":{"line":43,"column":16},"end":{"line":43,"column":51}},"19":{"start":{"line":44,"column":2},"end":{"line":44,"column":32}},"20":{"start":{"line":47,"column":0},"end":{"line":50,"column":2}}},"fnMap":{"0":{"name":"login","decl":{"start":{"line":6,"column":15},"end":{"line":6,"column":20}},"loc":{"start":{"line":6,"column":31},"end":{"line":33,"column":1}},"line":6},"1":{"name":"sync","decl":{"start":{"line":35,"column":15},"end":{"line":35,"column":19}},"loc":{"start":{"line":35,"column":30},"end":{"line":45,"column":1}},"line":35}},"branchMap":{"0":{"loc":{"start":{"line":17,"column":2},"end":{"line":21,"column":3}},"type":"if","locations":[{"start":{"line":17,"column":2},"end":{"line":21,"column":3}},{"start":{"line":17,"column":2},"end":{"line":21,"column":3}}],"line":17},"1":{"loc":{"start":{"line":26,"column":2},"end":{"line":30,"column":3}},"type":"if","locations":[{"start":{"line":26,"column":2},"end":{"line":30,"column":3}},{"start":{"line":26,"column":2},"end":{"line":30,"column":3}}],"line":26}},"s":{"0":1,"1":1,"2":1,"3":1,"4":2,"5":2,"6":1,"7":1,"8":1,"9":1,"10":1,"11":1,"12":1,"13":0,"14":0,"15":0,"16":0,"17":0,"18":0,"19":0,"20":1},"f":{"0":2,"1":0},"b":{"0":[1,1],"1":[1,0]},"_coverageSchema":"332fd63041d2c1bcb487cc26dd0d5f7d97098a6c","hash":"cfd921ae965c998e6efb24dd42f119c5d54e06bb"}
,"/Users/mathieu/Lab/air/api/controllers/consumption.js": {"path":"/Users/mathieu/Lab/air/api/controllers/consumption.js","statementMap":{"0":{"start":{"line":1,"column":49},"end":{"line":1,"column":68}},"1":{"start":{"line":2,"column":13},"end":{"line":2,"column":38}},"2":{"start":{"line":3,"column":16},"end":{"line":3,"column":44}},"3":{"start":{"line":4,"column":20},"end":{"line":4,"column":52}},"4":{"start":{"line":7,"column":26},"end":{"line":7,"column":34}},"5":{"start":{"line":8,"column":15},"end":{"line":12,"column":3}},"6":{"start":{"line":14,"column":2},"end":{"line":14,"column":37}},"7":{"start":{"line":15,"column":2},"end":{"line":15,"column":24}},"8":{"start":{"line":19,"column":29},"end":{"line":19,"column":38}},"9":{"start":{"line":20,"column":23},"end":{"line":25,"column":4}},"10":{"start":{"line":27,"column":33},"end":{"line":29,"column":52}},"11":{"start":{"line":28,"column":24},"end":{"line":28,"column":72}},"12":{"start":{"line":29,"column":24},"end":{"line":29,"column":51}},"13":{"start":{"line":31,"column":2},"end":{"line":31,"column":47}},"14":{"start":{"line":35,"column":29},"end":{"line":35,"column":38}},"15":{"start":{"line":36,"column":17},"end":{"line":36,"column":49}},"16":{"start":{"line":37,"column":2},"end":{"line":37,"column":31}},"17":{"start":{"line":46,"column":16},"end":{"line":51,"column":3}},"18":{"start":{"line":47,"column":20},"end":{"line":47,"column":37}},"19":{"start":{"line":48,"column":21},"end":{"line":48,"column":39}},"20":{"start":{"line":49,"column":20},"end":{"line":49,"column":38}},"21":{"start":{"line":50,"column":19},"end":{"line":50,"column":35}},"22":{"start":{"line":52,"column":2},"end":{"line":52,"column":27}},"23":{"start":{"line":56,"column":16},"end":{"line":61,"column":3}},"24":{"start":{"line":57,"column":20},"end":{"line":57,"column":35}},"25":{"start":{"line":58,"column":21},"end":{"line":58,"column":35}},"26":{"start":{"line":59,"column":20},"end":{"line":59,"column":33}},"27":{"start":{"line":60,"column":19},"end":{"line":60,"column":34}},"28":{"start":{"line":62,"column":2},"end":{"line":62,"column":27}},"29":{"start":{"line":66,"column":17},"end":{"line":66,"column":19}},"30":{"start":{"line":67,"column":2},"end":{"line":67,"column":75}},"31":{"start":{"line":71,"column":17},"end":{"line":71,"column":19}},"32":{"start":{"line":72,"column":2},"end":{"line":72,"column":56}},"33":{"start":{"line":82,"column":2},"end":{"line":91,"column":9}},"34":{"start":{"line":83,"column":18},"end":{"line":83,"column":51}},"35":{"start":{"line":84,"column":4},"end":{"line":89,"column":5}},"36":{"start":{"line":85,"column":6},"end":{"line":85,"column":38}},"37":{"start":{"line":87,"column":6},"end":{"line":87,"column":23}},"38":{"start":{"line":88,"column":6},"end":{"line":88,"column":40}},"39":{"start":{"line":90,"column":4},"end":{"line":90,"column":16}},"40":{"start":{"line":100,"column":2},"end":{"line":107,"column":9}},"41":{"start":{"line":101,"column":4},"end":{"line":105,"column":5}},"42":{"start":{"line":102,"column":6},"end":{"line":102,"column":50}},"43":{"start":{"line":104,"column":6},"end":{"line":104,"column":80}},"44":{"start":{"line":106,"column":4},"end":{"line":106,"column":16}},"45":{"start":{"line":112,"column":4},"end":{"line":112,"column":103}},"46":{"start":{"line":115,"column":37},"end":{"line":127,"column":8}},"47":{"start":{"line":116,"column":19},"end":{"line":116,"column":40}},"48":{"start":{"line":117,"column":4},"end":{"line":119,"column":5}},"49":{"start":{"line":118,"column":6},"end":{"line":118,"column":18}},"50":{"start":{"line":121,"column":4},"end":{"line":125,"column":5}},"51":{"start":{"line":122,"column":6},"end":{"line":122,"column":68}},"52":{"start":{"line":124,"column":6},"end":{"line":124,"column":24}},"53":{"start":{"line":126,"column":4},"end":{"line":126,"column":15}},"54":{"start":{"line":129,"column":27},"end":{"line":130,"column":112}},"55":{"start":{"line":130,"column":19},"end":{"line":130,"column":111}},"56":{"start":{"line":132,"column":27},"end":{"line":133,"column":99}},"57":{"start":{"line":133,"column":24},"end":{"line":133,"column":98}},"58":{"start":{"line":135,"column":19},"end":{"line":136,"column":54}},"59":{"start":{"line":136,"column":24},"end":{"line":136,"column":53}},"60":{"start":{"line":138,"column":25},"end":{"line":138,"column":67}},"61":{"start":{"line":138,"column":49},"end":{"line":138,"column":66}},"62":{"start":{"line":139,"column":15},"end":{"line":139,"column":32}},"63":{"start":{"line":140,"column":19},"end":{"line":140,"column":57}},"64":{"start":{"line":141,"column":2},"end":{"line":141,"column":94}},"65":{"start":{"line":150,"column":17},"end":{"line":150,"column":41}},"66":{"start":{"line":151,"column":25},"end":{"line":151,"column":58}},"67":{"start":{"line":152,"column":18},"end":{"line":152,"column":114}},"68":{"start":{"line":152,"column":70},"end":{"line":152,"column":85}},"69":{"start":{"line":153,"column":2},"end":{"line":153,"column":26}},"70":{"start":{"line":156,"column":0},"end":{"line":168,"column":2}}},"fnMap":{"0":{"name":"add","decl":{"start":{"line":6,"column":15},"end":{"line":6,"column":18}},"loc":{"start":{"line":6,"column":29},"end":{"line":16,"column":1}},"line":6},"1":{"name":"get","decl":{"start":{"line":18,"column":15},"end":{"line":18,"column":18}},"loc":{"start":{"line":18,"column":29},"end":{"line":32,"column":1}},"line":18},"2":{"name":"(anonymous_2)","decl":{"start":{"line":28,"column":9},"end":{"line":28,"column":10}},"loc":{"start":{"line":28,"column":24},"end":{"line":28,"column":72}},"line":28},"3":{"name":"(anonymous_3)","decl":{"start":{"line":29,"column":9},"end":{"line":29,"column":10}},"loc":{"start":{"line":29,"column":24},"end":{"line":29,"column":51}},"line":29},"4":{"name":"match","decl":{"start":{"line":34,"column":15},"end":{"line":34,"column":20}},"loc":{"start":{"line":34,"column":31},"end":{"line":38,"column":1}},"line":34},"5":{"name":"subtractAccordingToType","decl":{"start":{"line":45,"column":9},"end":{"line":45,"column":32}},"loc":{"start":{"line":45,"column":45},"end":{"line":53,"column":1}},"line":45},"6":{"name":"(anonymous_6)","decl":{"start":{"line":47,"column":12},"end":{"line":47,"column":13}},"loc":{"start":{"line":47,"column":20},"end":{"line":47,"column":37}},"line":47},"7":{"name":"(anonymous_7)","decl":{"start":{"line":48,"column":13},"end":{"line":48,"column":14}},"loc":{"start":{"line":48,"column":21},"end":{"line":48,"column":39}},"line":48},"8":{"name":"(anonymous_8)","decl":{"start":{"line":49,"column":12},"end":{"line":49,"column":13}},"loc":{"start":{"line":49,"column":20},"end":{"line":49,"column":38}},"line":49},"9":{"name":"(anonymous_9)","decl":{"start":{"line":50,"column":11},"end":{"line":50,"column":12}},"loc":{"start":{"line":50,"column":19},"end":{"line":50,"column":35}},"line":50},"10":{"name":"getRangeIndex","decl":{"start":{"line":55,"column":9},"end":{"line":55,"column":22}},"loc":{"start":{"line":55,"column":36},"end":{"line":63,"column":1}},"line":55},"11":{"name":"(anonymous_11)","decl":{"start":{"line":57,"column":12},"end":{"line":57,"column":13}},"loc":{"start":{"line":57,"column":20},"end":{"line":57,"column":35}},"line":57},"12":{"name":"(anonymous_12)","decl":{"start":{"line":58,"column":13},"end":{"line":58,"column":14}},"loc":{"start":{"line":58,"column":21},"end":{"line":58,"column":35}},"line":58},"13":{"name":"(anonymous_13)","decl":{"start":{"line":59,"column":12},"end":{"line":59,"column":13}},"loc":{"start":{"line":59,"column":20},"end":{"line":59,"column":33}},"line":59},"14":{"name":"(anonymous_14)","decl":{"start":{"line":60,"column":11},"end":{"line":60,"column":12}},"loc":{"start":{"line":60,"column":19},"end":{"line":60,"column":34}},"line":60},"15":{"name":"getConsumptionAccordingToTypeWrapperSerial","decl":{"start":{"line":65,"column":9},"end":{"line":65,"column":51}},"loc":{"start":{"line":65,"column":79},"end":{"line":68,"column":1}},"line":65},"16":{"name":"calculateRangeWrapperSerial","decl":{"start":{"line":70,"column":9},"end":{"line":70,"column":36}},"loc":{"start":{"line":70,"column":58},"end":{"line":73,"column":1}},"line":70},"17":{"name":"getConsumptionAccordingToType","decl":{"start":{"line":81,"column":9},"end":{"line":81,"column":38}},"loc":{"start":{"line":81,"column":59},"end":{"line":92,"column":1}},"line":81},"18":{"name":"(anonymous_18)","decl":{"start":{"line":82,"column":28},"end":{"line":82,"column":29}},"loc":{"start":{"line":82,"column":47},"end":{"line":91,"column":3}},"line":82},"19":{"name":"calculateRange","decl":{"start":{"line":99,"column":9},"end":{"line":99,"column":23}},"loc":{"start":{"line":99,"column":42},"end":{"line":108,"column":1}},"line":99},"20":{"name":"(anonymous_20)","decl":{"start":{"line":100,"column":46},"end":{"line":100,"column":47}},"loc":{"start":{"line":100,"column":63},"end":{"line":107,"column":3}},"line":100},"21":{"name":"matching","decl":{"start":{"line":110,"column":15},"end":{"line":110,"column":23}},"loc":{"start":{"line":110,"column":43},"end":{"line":142,"column":1}},"line":110},"22":{"name":"(anonymous_22)","decl":{"start":{"line":115,"column":62},"end":{"line":115,"column":63}},"loc":{"start":{"line":115,"column":81},"end":{"line":127,"column":3}},"line":115},"23":{"name":"(anonymous_23)","decl":{"start":{"line":130,"column":9},"end":{"line":130,"column":10}},"loc":{"start":{"line":130,"column":19},"end":{"line":130,"column":111}},"line":130},"24":{"name":"(anonymous_24)","decl":{"start":{"line":133,"column":9},"end":{"line":133,"column":10}},"loc":{"start":{"line":133,"column":24},"end":{"line":133,"column":98}},"line":133},"25":{"name":"(anonymous_25)","decl":{"start":{"line":136,"column":9},"end":{"line":136,"column":10}},"loc":{"start":{"line":136,"column":24},"end":{"line":136,"column":53}},"line":136},"26":{"name":"(anonymous_26)","decl":{"start":{"line":138,"column":39},"end":{"line":138,"column":40}},"loc":{"start":{"line":138,"column":49},"end":{"line":138,"column":66}},"line":138},"27":{"name":"calculateAverage","decl":{"start":{"line":149,"column":9},"end":{"line":149,"column":25}},"loc":{"start":{"line":149,"column":39},"end":{"line":154,"column":1}},"line":149},"28":{"name":"(anonymous_28)","decl":{"start":{"line":152,"column":51},"end":{"line":152,"column":52}},"loc":{"start":{"line":152,"column":70},"end":{"line":152,"column":85}},"line":152}},"branchMap":{"0":{"loc":{"start":{"line":84,"column":4},"end":{"line":89,"column":5}},"type":"if","locations":[{"start":{"line":84,"column":4},"end":{"line":89,"column":5}},{"start":{"line":84,"column":4},"end":{"line":89,"column":5}}],"line":84},"1":{"loc":{"start":{"line":84,"column":8},"end":{"line":84,"column":40}},"type":"binary-expr","locations":[{"start":{"line":84,"column":8},"end":{"line":84,"column":19}},{"start":{"line":84,"column":23},"end":{"line":84,"column":40}}],"line":84},"2":{"loc":{"start":{"line":101,"column":4},"end":{"line":105,"column":5}},"type":"if","locations":[{"start":{"line":101,"column":4},"end":{"line":105,"column":5}},{"start":{"line":101,"column":4},"end":{"line":105,"column":5}}],"line":101},"3":{"loc":{"start":{"line":117,"column":4},"end":{"line":119,"column":5}},"type":"if","locations":[{"start":{"line":117,"column":4},"end":{"line":119,"column":5}},{"start":{"line":117,"column":4},"end":{"line":119,"column":5}}],"line":117},"4":{"loc":{"start":{"line":121,"column":4},"end":{"line":125,"column":5}},"type":"if","locations":[{"start":{"line":121,"column":4},"end":{"line":125,"column":5}},{"start":{"line":121,"column":4},"end":{"line":125,"column":5}}],"line":121}},"s":{"0":1,"1":1,"2":1,"3":1,"4":1,"5":1,"6":1,"7":1,"8":0,"9":0,"10":0,"11":0,"12":0,"13":0,"14":0,"15":0,"16":0,"17":4,"18":1,"19":1,"20":1,"21":1,"22":4,"23":185,"24":57,"25":57,"26":57,"27":11,"28":185,"29":3,"30":3,"31":0,"32":0,"33":11,"34":181,"35":178,"36":140,"37":38,"38":38,"39":178,"40":0,"41":0,"42":0,"43":0,"44":0,"45":0,"46":0,"47":0,"48":0,"49":0,"50":0,"51":0,"52":0,"53":0,"54":0,"55":0,"56":0,"57":0,"58":0,"59":0,"60":0,"61":0,"62":0,"63":0,"64":0,"65":0,"66":0,"67":0,"68":0,"69":0,"70":1},"f":{"0":1,"1":0,"2":0,"3":0,"4":0,"5":4,"6":1,"7":1,"8":1,"9":1,"10":185,"11":57,"12":57,"13":57,"14":11,"15":3,"16":0,"17":11,"18":181,"19":0,"20":0,"21":0,"22":0,"23":0,"24":0,"25":0,"26":0,"27":0,"28":0},"b":{"0":[140,38],"1":[178,140],"2":[0,0],"3":[0,0],"4":[0,0]},"_coverageSchema":"332fd63041d2c1bcb487cc26dd0d5f7d97098a6c","hash":"56be35154f7bef3fa51e9ed322124d9c803006d2"}
,"/Users/mathieu/Lab/air/api/controllers/product.js": {"path":"/Users/mathieu/Lab/air/api/controllers/product.js","statementMap":{"0":{"start":{"line":1,"column":20},"end":{"line":1,"column":35}},"1":{"start":{"line":2,"column":15},"end":{"line":2,"column":32}},"2":{"start":{"line":3,"column":13},"end":{"line":3,"column":31}},"3":{"start":{"line":4,"column":13},"end":{"line":4,"column":38}},"4":{"start":{"line":5,"column":16},"end":{"line":5,"column":44}},"5":{"start":{"line":6,"column":20},"end":{"line":6,"column":52}},"6":{"start":{"line":9,"column":17},"end":{"line":9,"column":23}},"7":{"start":{"line":10,"column":21},"end":{"line":10,"column":81}},"8":{"start":{"line":11,"column":22},"end":{"line":11,"column":82}},"9":{"start":{"line":12,"column":18},"end":{"line":12,"column":77}},"10":{"start":{"line":13,"column":2},"end":{"line":13,"column":51}},"11":{"start":{"line":17,"column":18},"end":{"line":17,"column":66}},"12":{"start":{"line":18,"column":2},"end":{"line":18,"column":43}},"13":{"start":{"line":19,"column":2},"end":{"line":19,"column":23}},"14":{"start":{"line":21,"column":15},"end":{"line":21,"column":60}},"15":{"start":{"line":24,"column":16},"end":{"line":24,"column":51}},"16":{"start":{"line":25,"column":2},"end":{"line":25,"column":32}},"17":{"start":{"line":29,"column":2},"end":{"line":33,"column":3}},"18":{"start":{"line":36,"column":0},"end":{"line":39,"column":2}}},"fnMap":{"0":{"name":"create","decl":{"start":{"line":8,"column":15},"end":{"line":8,"column":21}},"loc":{"start":{"line":8,"column":32},"end":{"line":14,"column":1}},"line":8},"1":{"name":"setPostalCode","decl":{"start":{"line":16,"column":15},"end":{"line":16,"column":28}},"loc":{"start":{"line":16,"column":39},"end":{"line":26,"column":1}},"line":16},"2":{"name":"simpleProductJson","decl":{"start":{"line":28,"column":9},"end":{"line":28,"column":26}},"loc":{"start":{"line":28,"column":36},"end":{"line":34,"column":1}},"line":28}},"branchMap":{},"s":{"0":1,"1":1,"2":1,"3":1,"4":1,"5":1,"6":0,"7":0,"8":0,"9":0,"10":0,"11":0,"12":0,"13":0,"14":0,"15":0,"16":0,"17":0,"18":1},"f":{"0":0,"1":0,"2":0},"b":{},"_coverageSchema":"332fd63041d2c1bcb487cc26dd0d5f7d97098a6c","hash":"156257b20526930b8b85f816b5f97814dac20cd8"}
,"/Users/mathieu/Lab/air/api/middlewares/authorizations.js": {"path":"/Users/mathieu/Lab/air/api/middlewares/authorizations.js","statementMap":{"0":{"start":{"line":1,"column":12},"end":{"line":1,"column":34}},"1":{"start":{"line":2,"column":16},"end":{"line":2,"column":44}},"2":{"start":{"line":3,"column":19},"end":{"line":3,"column":41}},"3":{"start":{"line":5,"column":17},"end":{"line":15,"column":2}},"4":{"start":{"line":8,"column":4},"end":{"line":12,"column":5}},"5":{"start":{"line":9,"column":6},"end":{"line":9,"column":53}},"6":{"start":{"line":10,"column":11},"end":{"line":12,"column":5}},"7":{"start":{"line":11,"column":6},"end":{"line":11,"column":29}},"8":{"start":{"line":13,"column":4},"end":{"line":13,"column":16}},"9":{"start":{"line":17,"column":18},"end":{"line":23,"column":1}},"10":{"start":{"line":18,"column":2},"end":{"line":21,"column":3}},"11":{"start":{"line":19,"column":4},"end":{"line":19,"column":41}},"12":{"start":{"line":20,"column":4},"end":{"line":20,"column":11}},"13":{"start":{"line":22,"column":2},"end":{"line":22,"column":9}},"14":{"start":{"line":25,"column":18},"end":{"line":39,"column":1}},"15":{"start":{"line":26,"column":32},"end":{"line":26,"column":40}},"16":{"start":{"line":27,"column":18},"end":{"line":27,"column":49}},"17":{"start":{"line":29,"column":2},"end":{"line":32,"column":3}},"18":{"start":{"line":30,"column":4},"end":{"line":30,"column":26}},"19":{"start":{"line":31,"column":4},"end":{"line":31,"column":11}},"20":{"start":{"line":34,"column":2},"end":{"line":37,"column":3}},"21":{"start":{"line":35,"column":4},"end":{"line":35,"column":26}},"22":{"start":{"line":36,"column":4},"end":{"line":36,"column":10}},"23":{"start":{"line":38,"column":2},"end":{"line":38,"column":9}},"24":{"start":{"line":41,"column":22},"end":{"line":60,"column":1}},"25":{"start":{"line":42,"column":31},"end":{"line":42,"column":39}},"26":{"start":{"line":43,"column":18},"end":{"line":43,"column":49}},"27":{"start":{"line":45,"column":2},"end":{"line":48,"column":3}},"28":{"start":{"line":46,"column":4},"end":{"line":46,"column":26}},"29":{"start":{"line":47,"column":4},"end":{"line":47,"column":11}},"30":{"start":{"line":50,"column":2},"end":{"line":53,"column":3}},"31":{"start":{"line":51,"column":4},"end":{"line":51,"column":26}},"32":{"start":{"line":52,"column":4},"end":{"line":52,"column":11}},"33":{"start":{"line":55,"column":2},"end":{"line":58,"column":3}},"34":{"start":{"line":56,"column":4},"end":{"line":56,"column":26}},"35":{"start":{"line":57,"column":4},"end":{"line":57,"column":11}},"36":{"start":{"line":59,"column":2},"end":{"line":59,"column":9}},"37":{"start":{"line":62,"column":23},"end":{"line":68,"column":1}},"38":{"start":{"line":63,"column":2},"end":{"line":66,"column":3}},"39":{"start":{"line":64,"column":4},"end":{"line":64,"column":26}},"40":{"start":{"line":65,"column":4},"end":{"line":65,"column":11}},"41":{"start":{"line":67,"column":2},"end":{"line":67,"column":9}},"42":{"start":{"line":70,"column":0},"end":{"line":76,"column":1}}},"fnMap":{"0":{"name":"(anonymous_0)","decl":{"start":{"line":7,"column":12},"end":{"line":7,"column":13}},"loc":{"start":{"line":7,"column":27},"end":{"line":14,"column":3}},"line":7},"1":{"name":"(anonymous_1)","decl":{"start":{"line":17,"column":18},"end":{"line":17,"column":19}},"loc":{"start":{"line":17,"column":38},"end":{"line":23,"column":1}},"line":17},"2":{"name":"(anonymous_2)","decl":{"start":{"line":25,"column":18},"end":{"line":25,"column":19}},"loc":{"start":{"line":25,"column":44},"end":{"line":39,"column":1}},"line":25},"3":{"name":"(anonymous_3)","decl":{"start":{"line":41,"column":22},"end":{"line":41,"column":23}},"loc":{"start":{"line":41,"column":48},"end":{"line":60,"column":1}},"line":41},"4":{"name":"(anonymous_4)","decl":{"start":{"line":62,"column":23},"end":{"line":62,"column":24}},"loc":{"start":{"line":62,"column":43},"end":{"line":68,"column":1}},"line":62}},"branchMap":{"0":{"loc":{"start":{"line":8,"column":4},"end":{"line":12,"column":5}},"type":"if","locations":[{"start":{"line":8,"column":4},"end":{"line":12,"column":5}},{"start":{"line":8,"column":4},"end":{"line":12,"column":5}}],"line":8},"1":{"loc":{"start":{"line":8,"column":8},"end":{"line":8,"column":89}},"type":"binary-expr","locations":[{"start":{"line":8,"column":8},"end":{"line":8,"column":33}},{"start":{"line":8,"column":37},"end":{"line":8,"column":89}}],"line":8},"2":{"loc":{"start":{"line":10,"column":11},"end":{"line":12,"column":5}},"type":"if","locations":[{"start":{"line":10,"column":11},"end":{"line":12,"column":5}},{"start":{"line":10,"column":11},"end":{"line":12,"column":5}}],"line":10},"3":{"loc":{"start":{"line":10,"column":15},"end":{"line":10,"column":45}},"type":"binary-expr","locations":[{"start":{"line":10,"column":15},"end":{"line":10,"column":26}},{"start":{"line":10,"column":30},"end":{"line":10,"column":45}}],"line":10},"4":{"loc":{"start":{"line":18,"column":2},"end":{"line":21,"column":3}},"type":"if","locations":[{"start":{"line":18,"column":2},"end":{"line":21,"column":3}},{"start":{"line":18,"column":2},"end":{"line":21,"column":3}}],"line":18},"5":{"loc":{"start":{"line":29,"column":2},"end":{"line":32,"column":3}},"type":"if","locations":[{"start":{"line":29,"column":2},"end":{"line":32,"column":3}},{"start":{"line":29,"column":2},"end":{"line":32,"column":3}}],"line":29},"6":{"loc":{"start":{"line":34,"column":2},"end":{"line":37,"column":3}},"type":"if","locations":[{"start":{"line":34,"column":2},"end":{"line":37,"column":3}},{"start":{"line":34,"column":2},"end":{"line":37,"column":3}}],"line":34},"7":{"loc":{"start":{"line":45,"column":2},"end":{"line":48,"column":3}},"type":"if","locations":[{"start":{"line":45,"column":2},"end":{"line":48,"column":3}},{"start":{"line":45,"column":2},"end":{"line":48,"column":3}}],"line":45},"8":{"loc":{"start":{"line":50,"column":2},"end":{"line":53,"column":3}},"type":"if","locations":[{"start":{"line":50,"column":2},"end":{"line":53,"column":3}},{"start":{"line":50,"column":2},"end":{"line":53,"column":3}}],"line":50},"9":{"loc":{"start":{"line":55,"column":2},"end":{"line":58,"column":3}},"type":"if","locations":[{"start":{"line":55,"column":2},"end":{"line":58,"column":3}},{"start":{"line":55,"column":2},"end":{"line":58,"column":3}}],"line":55},"10":{"loc":{"start":{"line":63,"column":2},"end":{"line":66,"column":3}},"type":"if","locations":[{"start":{"line":63,"column":2},"end":{"line":66,"column":3}},{"start":{"line":63,"column":2},"end":{"line":66,"column":3}}],"line":63}},"s":{"0":1,"1":1,"2":1,"3":1,"4":4,"5":1,"6":3,"7":0,"8":3,"9":1,"10":1,"11":1,"12":1,"13":0,"14":1,"15":0,"16":0,"17":0,"18":0,"19":0,"20":0,"21":0,"22":0,"23":0,"24":1,"25":4,"26":4,"27":4,"28":1,"29":1,"30":3,"31":1,"32":1,"33":2,"34":1,"35":1,"36":1,"37":1,"38":0,"39":0,"40":0,"41":0,"42":1},"f":{"0":4,"1":1,"2":0,"3":4,"4":0},"b":{"0":[1,3],"1":[4,1],"2":[0,3],"3":[3,0],"4":[1,0],"5":[0,0],"6":[0,0],"7":[1,3],"8":[1,2],"9":[1,1],"10":[0,0]},"_coverageSchema":"332fd63041d2c1bcb487cc26dd0d5f7d97098a6c","hash":"3611c172cfe896740e318c58daf070dbdd95b51d"}
,"/Users/mathieu/Lab/air/api/middlewares/errors.js": {"path":"/Users/mathieu/Lab/air/api/middlewares/errors.js","statementMap":{"0":{"start":{"line":1,"column":0},"end":{"line":5,"column":1}},"1":{"start":{"line":2,"column":2},"end":{"line":4,"column":3}},"2":{"start":{"line":3,"column":4},"end":{"line":3,"column":42}}},"fnMap":{"0":{"name":"(anonymous_0)","decl":{"start":{"line":1,"column":17},"end":{"line":1,"column":18}},"loc":{"start":{"line":1,"column":25},"end":{"line":5,"column":1}},"line":1},"1":{"name":"(anonymous_1)","decl":{"start":{"line":2,"column":9},"end":{"line":2,"column":10}},"loc":{"start":{"line":2,"column":34},"end":{"line":4,"column":3}},"line":2}},"branchMap":{},"s":{"0":1,"1":9,"2":7},"f":{"0":9,"1":7},"b":{},"_coverageSchema":"332fd63041d2c1bcb487cc26dd0d5f7d97098a6c","hash":"7540ad8da264669389f20edeeef9e95d4c245bb7"}
,"/Users/mathieu/Lab/air/api/middlewares/validator.js": {"path":"/Users/mathieu/Lab/air/api/middlewares/validator.js","statementMap":{"0":{"start":{"line":3,"column":4},"end":{"line":5,"column":5}},"1":{"start":{"line":4,"column":6},"end":{"line":4,"column":62}},"2":{"start":{"line":6,"column":19},"end":{"line":6,"column":41}},"3":{"start":{"line":7,"column":4},"end":{"line":9,"column":5}},"4":{"start":{"line":8,"column":6},"end":{"line":8,"column":71}},"5":{"start":{"line":8,"column":60},"end":{"line":8,"column":67}},"6":{"start":{"line":10,"column":4},"end":{"line":10,"column":11}},"7":{"start":{"line":12,"column":2},"end":{"line":12,"column":17}},"8":{"start":{"line":17,"column":4},"end":{"line":19,"column":5}},"9":{"start":{"line":18,"column":6},"end":{"line":18,"column":63}},"10":{"start":{"line":20,"column":19},"end":{"line":20,"column":41}},"11":{"start":{"line":21,"column":4},"end":{"line":23,"column":5}},"12":{"start":{"line":22,"column":6},"end":{"line":22,"column":71}},"13":{"start":{"line":22,"column":60},"end":{"line":22,"column":67}},"14":{"start":{"line":24,"column":4},"end":{"line":24,"column":11}},"15":{"start":{"line":26,"column":2},"end":{"line":26,"column":17}},"16":{"start":{"line":29,"column":0},"end":{"line":32,"column":1}}},"fnMap":{"0":{"name":"requireFields","decl":{"start":{"line":1,"column":9},"end":{"line":1,"column":22}},"loc":{"start":{"line":1,"column":34},"end":{"line":13,"column":1}},"line":1},"1":{"name":"wrapped","decl":{"start":{"line":2,"column":11},"end":{"line":2,"column":18}},"loc":{"start":{"line":2,"column":35},"end":{"line":11,"column":3}},"line":2},"2":{"name":"(anonymous_2)","decl":{"start":{"line":8,"column":53},"end":{"line":8,"column":54}},"loc":{"start":{"line":8,"column":60},"end":{"line":8,"column":67}},"line":8},"3":{"name":"requireQuery","decl":{"start":{"line":15,"column":9},"end":{"line":15,"column":21}},"loc":{"start":{"line":15,"column":34},"end":{"line":27,"column":1}},"line":15},"4":{"name":"wrapped","decl":{"start":{"line":16,"column":11},"end":{"line":16,"column":18}},"loc":{"start":{"line":16,"column":35},"end":{"line":25,"column":3}},"line":16},"5":{"name":"(anonymous_5)","decl":{"start":{"line":22,"column":53},"end":{"line":22,"column":54}},"loc":{"start":{"line":22,"column":60},"end":{"line":22,"column":67}},"line":22}},"branchMap":{"0":{"loc":{"start":{"line":7,"column":4},"end":{"line":9,"column":5}},"type":"if","locations":[{"start":{"line":7,"column":4},"end":{"line":9,"column":5}},{"start":{"line":7,"column":4},"end":{"line":9,"column":5}}],"line":7},"1":{"loc":{"start":{"line":21,"column":4},"end":{"line":23,"column":5}},"type":"if","locations":[{"start":{"line":21,"column":4},"end":{"line":23,"column":5}},{"start":{"line":21,"column":4},"end":{"line":23,"column":5}}],"line":21}},"s":{"0":12,"1":31,"2":12,"3":12,"4":6,"5":7,"6":6,"7":3,"8":0,"9":0,"10":0,"11":0,"12":0,"13":0,"14":0,"15":2,"16":1},"f":{"0":3,"1":12,"2":7,"3":2,"4":0,"5":0},"b":{"0":[6,6],"1":[0,0]},"_coverageSchema":"332fd63041d2c1bcb487cc26dd0d5f7d97098a6c","hash":"b67561c518f8c41e90b54c6f9ecb34505f8a1eff"}
,"/Users/mathieu/Lab/air/api/models/Consumption.js": {"path":"/Users/mathieu/Lab/air/api/models/Consumption.js","statementMap":{"0":{"start":{"line":1,"column":17},"end":{"line":1,"column":39}},"1":{"start":{"line":3,"column":26},"end":{"line":17,"column":30}},"2":{"start":{"line":19,"column":0},"end":{"line":19,"column":44}},"3":{"start":{"line":20,"column":0},"end":{"line":20,"column":47}},"4":{"start":{"line":22,"column":0},"end":{"line":29,"column":3}},"5":{"start":{"line":32,"column":2},"end":{"line":32,"column":38}},"6":{"start":{"line":33,"column":2},"end":{"line":33,"column":9}},"7":{"start":{"line":36,"column":20},"end":{"line":36,"column":68}},"8":{"start":{"line":37,"column":0},"end":{"line":37,"column":29}}},"fnMap":{"0":{"name":"autopopulate","decl":{"start":{"line":31,"column":9},"end":{"line":31,"column":21}},"loc":{"start":{"line":31,"column":28},"end":{"line":34,"column":1}},"line":31}},"branchMap":{},"s":{"0":1,"1":1,"2":1,"3":1,"4":1,"5":0,"6":0,"7":1,"8":1},"f":{"0":0},"b":{},"_coverageSchema":"332fd63041d2c1bcb487cc26dd0d5f7d97098a6c","hash":"3d2eb4b7dba47be9c73b85cb1eb829fe93793f0b"}
,"/Users/mathieu/Lab/air/api/models/Product.js": {"path":"/Users/mathieu/Lab/air/api/models/Product.js","statementMap":{"0":{"start":{"line":1,"column":17},"end":{"line":1,"column":39}},"1":{"start":{"line":3,"column":22},"end":{"line":25,"column":2}},"2":{"start":{"line":27,"column":0},"end":{"line":27,"column":49}},"3":{"start":{"line":29,"column":16},"end":{"line":29,"column":56}},"4":{"start":{"line":30,"column":0},"end":{"line":30,"column":25}}},"fnMap":{},"branchMap":{},"s":{"0":1,"1":1,"2":1,"3":1,"4":1},"f":{},"b":{},"_coverageSchema":"332fd63041d2c1bcb487cc26dd0d5f7d97098a6c","hash":"98a8d9c334493712038076fbb2a28be2ec5e908b"}
,"/Users/mathieu/Lab/air/api/models/User.js": {"path":"/Users/mathieu/Lab/air/api/models/User.js","statementMap":{"0":{"start":{"line":1,"column":17},"end":{"line":1,"column":39}},"1":{"start":{"line":2,"column":12},"end":{"line":2,"column":35}},"2":{"start":{"line":3,"column":19},"end":{"line":3,"column":41}},"3":{"start":{"line":5,"column":19},"end":{"line":18,"column":30}},"4":{"start":{"line":20,"column":0},"end":{"line":20,"column":46}},"5":{"start":{"line":21,"column":0},"end":{"line":21,"column":40}},"6":{"start":{"line":23,"column":0},"end":{"line":30,"column":3}},"7":{"start":{"line":37,"column":0},"end":{"line":49,"column":2}},"8":{"start":{"line":38,"column":2},"end":{"line":48,"column":5}},"9":{"start":{"line":52,"column":2},"end":{"line":52,"column":32}},"10":{"start":{"line":53,"column":2},"end":{"line":53,"column":9}},"11":{"start":{"line":56,"column":13},"end":{"line":56,"column":47}},"12":{"start":{"line":57,"column":0},"end":{"line":57,"column":22}}},"fnMap":{"0":{"name":"(anonymous_0)","decl":{"start":{"line":37,"column":33},"end":{"line":37,"column":34}},"loc":{"start":{"line":37,"column":52},"end":{"line":49,"column":1}},"line":37},"1":{"name":"autopopulate","decl":{"start":{"line":51,"column":9},"end":{"line":51,"column":21}},"loc":{"start":{"line":51,"column":28},"end":{"line":54,"column":1}},"line":51}},"branchMap":{"0":{"loc":{"start":{"line":41,"column":14},"end":{"line":41,"column":46}},"type":"binary-expr","locations":[{"start":{"line":41,"column":14},"end":{"line":41,"column":38}},{"start":{"line":41,"column":42},"end":{"line":41,"column":46}}],"line":41},"1":{"loc":{"start":{"line":42,"column":19},"end":{"line":42,"column":56}},"type":"binary-expr","locations":[{"start":{"line":42,"column":19},"end":{"line":42,"column":48}},{"start":{"line":42,"column":52},"end":{"line":42,"column":56}}],"line":42},"2":{"loc":{"start":{"line":43,"column":18},"end":{"line":43,"column":54}},"type":"binary-expr","locations":[{"start":{"line":43,"column":18},"end":{"line":43,"column":46}},{"start":{"line":43,"column":50},"end":{"line":43,"column":54}}],"line":43}},"s":{"0":1,"1":1,"2":1,"3":1,"4":1,"5":1,"6":1,"7":1,"8":1,"9":12,"10":12,"11":1,"12":1},"f":{"0":1,"1":12},"b":{"0":[1,0],"1":[0,0],"2":[0,0]},"_coverageSchema":"332fd63041d2c1bcb487cc26dd0d5f7d97098a6c","hash":"de6d4671aab1878c78ba29b1a5093dbb45cc5cd4"}
,"/Users/mathieu/Lab/air/api/mongoose/index.js": {"path":"/Users/mathieu/Lab/air/api/mongoose/index.js","statementMap":{"0":{"start":{"line":3,"column":17},"end":{"line":3,"column":36}},"1":{"start":{"line":4,"column":19},"end":{"line":4,"column":56}},"2":{"start":{"line":5,"column":14},"end":{"line":5,"column":78}},"3":{"start":{"line":7,"column":0},"end":{"line":7,"column":34}},"4":{"start":{"line":8,"column":0},"end":{"line":10,"column":36}},"5":{"start":{"line":10,"column":16},"end":{"line":10,"column":34}},"6":{"start":{"line":12,"column":0},"end":{"line":12,"column":26}}},"fnMap":{"0":{"name":"(anonymous_0)","decl":{"start":{"line":10,"column":9},"end":{"line":10,"column":10}},"loc":{"start":{"line":10,"column":16},"end":{"line":10,"column":34}},"line":10}},"branchMap":{"0":{"loc":{"start":{"line":5,"column":14},"end":{"line":5,"column":78}},"type":"cond-expr","locations":[{"start":{"line":5,"column":27},"end":{"line":5,"column":44}},{"start":{"line":5,"column":47},"end":{"line":5,"column":78}}],"line":5}},"s":{"0":1,"1":1,"2":1,"3":1,"4":1,"5":0,"6":1},"f":{"0":0},"b":{"0":[0,1]},"_coverageSchema":"332fd63041d2c1bcb487cc26dd0d5f7d97098a6c","hash":"59e47fec1d78f33df0b057dee4c28c90d4e18884"}
,"/Users/mathieu/Lab/air/api/utils/index.js": {"path":"/Users/mathieu/Lab/air/api/utils/index.js","statementMap":{"0":{"start":{"line":1,"column":17},"end":{"line":1,"column":39}},"1":{"start":{"line":4,"column":2},"end":{"line":6,"column":3}},"2":{"start":{"line":5,"column":4},"end":{"line":5,"column":65}},"3":{"start":{"line":9,"column":0},"end":{"line":11,"column":2}}},"fnMap":{"0":{"name":"cleanDB","decl":{"start":{"line":3,"column":15},"end":{"line":3,"column":22}},"loc":{"start":{"line":3,"column":25},"end":{"line":7,"column":1}},"line":3}},"branchMap":{},"s":{"0":1,"1":1,"2":3,"3":1},"f":{"0":1},"b":{},"_coverageSchema":"332fd63041d2c1bcb487cc26dd0d5f7d97098a6c","hash":"93a2cd22fec8dec0d1e3a112301c60a98b698eab"}
}
