TN:
SF:/Users/mathieu/Lab/air/api/data.js
FN:125,generateSample
FN:144,generateValues
FNF:2
FNH:2
FNDA:10,generateSample
FNDA:20,generateValues
DA:1,2
DA:2,2
DA:3,2
DA:4,2
DA:5,2
DA:9,2
DA:127,10
DA:128,10
DA:132,10
DA:133,10
DA:137,10
DA:138,10
DA:140,10
DA:141,10
DA:145,20
DA:146,20
DA:147,150
DA:148,3600
DA:149,3600
DA:154,3600
DA:157,20
DA:160,2
LF:22
LH:22
BRF:0
BRH:0
end_of_record
TN:
SF:/Users/mathieu/Lab/air/api/seed.js
FN:12,generateProduct
FN:22,seed
FN:23,(anonymous_2)
FN:32,insert
FN:36,(anonymous_4)
FN:43,createUser
FN:52,syncUser
FNF:7
FNH:6
FNDA:10,generateProduct
FNDA:2,seed
FNDA:2,(anonymous_2)
FNDA:10,insert
FNDA:3600,(anonymous_4)
FNDA:10,createUser
FNDA:0,syncUser
DA:1,1
DA:2,1
DA:3,1
DA:4,1
DA:5,1
DA:6,1
DA:7,1
DA:8,1
DA:9,1
DA:10,1
DA:13,10
DA:14,10
DA:15,10
DA:16,10
DA:17,10
DA:18,10
DA:19,10
DA:23,2
DA:24,2
DA:25,2
DA:26,2
DA:27,2
DA:28,2
DA:33,10
DA:34,10
DA:35,10
DA:36,10
DA:37,3600
DA:38,3600
DA:40,10
DA:44,10
DA:53,0
DA:54,0
DA:55,0
DA:58,1
LF:35
LH:32
BRF:0
BRH:0
end_of_record
TN:
SF:/Users/mathieu/Lab/air/api/server.js
FN:22,(anonymous_0)
FN:40,(anonymous_1)
FN:50,(anonymous_2)
FNF:3
FNH:2
FNDA:29,(anonymous_0)
FNDA:0,(anonymous_1)
FNDA:1,(anonymous_2)
DA:3,1
DA:4,1
DA:5,1
DA:6,1
DA:7,1
DA:8,1
DA:9,1
DA:10,1
DA:11,1
DA:12,1
DA:13,1
DA:14,1
DA:15,1
DA:17,1
DA:19,1
DA:20,1
DA:21,1
DA:23,29
DA:24,29
DA:25,29
DA:27,0
DA:28,0
DA:34,1
DA:35,1
DA:37,1
DA:40,1
DA:41,1
DA:42,1
DA:43,1
DA:44,1
DA:45,1
DA:46,1
DA:47,1
DA:49,1
DA:50,1
DA:51,1
DA:54,1
LF:37
LH:35
BRDA:19,0,0,1
BRDA:19,0,1,1
BRDA:23,1,0,29
BRDA:23,1,1,0
BRDA:28,2,0,0
BRDA:28,2,1,0
BRF:6
BRH:3
end_of_record
TN:
SF:/Users/mathieu/Lab/air/api/controllers/auth.js
FN:6,login
FN:36,sync
FNF:2
FNH:2
FNDA:2,login
FNDA:2,sync
DA:1,1
DA:2,1
DA:3,1
DA:4,1
DA:7,2
DA:17,2
DA:19,1
DA:20,1
DA:23,1
DA:24,1
DA:26,1
DA:27,1
DA:32,1
DA:33,1
DA:37,2
DA:39,2
DA:40,2
DA:41,2
DA:44,2
DA:45,2
DA:48,1
LF:21
LH:21
BRDA:17,0,0,1
BRDA:17,0,1,1
BRDA:26,1,0,1
BRDA:26,1,1,0
BRF:4
BRH:3
end_of_record
TN:
SF:/Users/mathieu/Lab/air/api/controllers/consumption.js
FN:14,add
FN:26,get
FN:44,(anonymous_2)
FN:45,(anonymous_3)
FN:61,match
FN:72,calculatePrice
FN:73,(anonymous_6)
FN:82,calculateAndPredictPriceIfNeeded
FN:92,(anonymous_8)
FN:101,subtractAccordingToType
FN:103,(anonymous_10)
FN:104,(anonymous_11)
FN:105,(anonymous_12)
FN:106,(anonymous_13)
FN:111,getRangeIndex
FN:113,(anonymous_15)
FN:114,(anonymous_16)
FN:115,(anonymous_17)
FN:116,(anonymous_18)
FN:121,getDayOfWeek
FN:129,getConsumptionAccordingToTypeWrapperSerial
FN:134,calculateRangeWrapperSerial
FN:144,getConsumptionAccordingToType
FN:145,(anonymous_23)
FN:166,calculateRange
FN:167,(anonymous_25)
FN:186,matching
FN:189,(anonymous_27)
FN:192,(anonymous_28)
FN:203,(anonymous_29)
FN:206,(anonymous_30)
FN:209,(anonymous_31)
FN:212,(anonymous_32)
FN:214,(anonymous_33)
FN:225,(anonymous_34)
FN:233,calculateAverageWrapperSerial
FN:243,calculateAverage
FN:245,(anonymous_37)
FNF:38
FNH:37
FNDA:1,add
FNDA:1,get
FNDA:2,(anonymous_2)
FNDA:2,(anonymous_3)
FNDA:1,match
FNDA:1,calculatePrice
FNDA:0,(anonymous_6)
FNDA:1,calculateAndPredictPriceIfNeeded
FNDA:1,(anonymous_8)
FNDA:5,subtractAccordingToType
FNDA:2,(anonymous_10)
FNDA:1,(anonymous_11)
FNDA:1,(anonymous_12)
FNDA:1,(anonymous_13)
FNDA:1489,getRangeIndex
FNDA:1218,(anonymous_15)
FNDA:141,(anonymous_16)
FNDA:113,(anonymous_17)
FNDA:17,(anonymous_18)
FNDA:113,getDayOfWeek
FNDA:14,getConsumptionAccordingToTypeWrapperSerial
FNDA:10,calculateRangeWrapperSerial
FNDA:24,getConsumptionAccordingToType
FNDA:1485,(anonymous_23)
FNDA:16,calculateRange
FNDA:51,(anonymous_25)
FNDA:1,matching
FNDA:925,(anonymous_27)
FNDA:925,(anonymous_28)
FNDA:5,(anonymous_29)
FNDA:5,(anonymous_30)
FNDA:5,(anonymous_31)
FNDA:4,(anonymous_32)
FNDA:3,(anonymous_33)
FNDA:1,(anonymous_34)
FNDA:6,calculateAverageWrapperSerial
FNDA:6,calculateAverage
FNDA:12,(anonymous_37)
DA:1,2
DA:2,2
DA:3,2
DA:4,2
DA:6,2
DA:15,1
DA:16,1
DA:22,1
DA:23,1
DA:27,1
DA:33,1
DA:43,1
DA:44,2
DA:45,2
DA:49,1
DA:62,1
DA:63,1
DA:64,1
DA:73,1
DA:74,1
DA:83,1
DA:84,1
DA:85,1
DA:86,0
DA:87,0
DA:88,0
DA:92,1
DA:93,1
DA:102,5
DA:103,2
DA:104,1
DA:105,1
DA:106,1
DA:108,5
DA:112,1489
DA:113,1218
DA:114,141
DA:115,113
DA:116,17
DA:118,1489
DA:122,113
DA:123,113
DA:124,16
DA:126,113
DA:130,14
DA:131,14
DA:135,10
DA:145,24
DA:146,1485
DA:149,1485
DA:150,1396
DA:152,89
DA:153,89
DA:155,1485
DA:158,24
DA:167,16
DA:168,51
DA:169,8
DA:174,43
DA:176,51
DA:188,1
DA:189,925
DA:192,1
DA:193,925
DA:194,925
DA:195,920
DA:197,5
DA:199,925
DA:202,1
DA:203,5
DA:205,1
DA:206,5
DA:208,1
DA:209,5
DA:212,4
DA:214,3
DA:217,1
DA:218,0
DA:222,1
DA:224,1
DA:225,1
DA:234,6
DA:235,6
DA:244,6
DA:245,12
DA:246,6
DA:249,2
LF:87
LH:83
BRDA:85,0,0,0
BRDA:85,0,1,1
BRDA:123,1,0,16
BRDA:123,1,1,97
BRDA:149,2,0,1396
BRDA:149,2,1,89
BRDA:149,3,0,1485
BRDA:149,3,1,1396
BRDA:168,4,0,8
BRDA:168,4,1,43
BRDA:170,5,0,6
BRDA:170,5,1,2
BRDA:194,6,0,920
BRDA:194,6,1,5
BRDA:217,7,0,0
BRDA:217,7,1,1
BRF:16
BRH:14
end_of_record
TN:
SF:/Users/mathieu/Lab/air/api/controllers/product.js
FN:8,create
FN:16,update
FN:26,setSupplier
FN:32,setPostalCode
FN:38,simpleProductJson
FNF:5
FNH:5
FNDA:1,create
FNDA:1,update
FNDA:1,setSupplier
FNDA:1,setPostalCode
FNDA:1,simpleProductJson
DA:1,1
DA:2,1
DA:3,1
DA:4,1
DA:5,1
DA:6,1
DA:9,1
DA:10,1
DA:11,1
DA:12,1
DA:13,1
DA:17,1
DA:18,1
DA:19,1
DA:22,1
DA:23,1
DA:27,1
DA:28,1
DA:29,1
DA:33,1
DA:34,1
DA:35,1
DA:39,1
DA:46,1
LF:24
LH:24
BRF:0
BRH:0
end_of_record
TN:
SF:/Users/mathieu/Lab/air/api/middlewares/authorizations.js
FN:7,(anonymous_0)
FN:17,(anonymous_1)
FN:25,(anonymous_2)
FN:41,(anonymous_3)
FN:62,(anonymous_4)
FN:70,(anonymous_5)
FNF:6
FNH:6
FNDA:17,(anonymous_0)
FNDA:2,(anonymous_1)
FNDA:4,(anonymous_2)
FNDA:4,(anonymous_3)
FNDA:5,(anonymous_4)
FNDA:1,(anonymous_5)
DA:1,1
DA:2,1
DA:3,1
DA:5,1
DA:8,17
DA:9,14
DA:10,3
DA:11,0
DA:13,3
DA:17,1
DA:18,2
DA:19,1
DA:20,1
DA:22,1
DA:25,1
DA:26,4
DA:27,4
DA:29,4
DA:30,1
DA:31,1
DA:34,3
DA:35,1
DA:36,1
DA:38,2
DA:41,1
DA:42,4
DA:43,4
DA:45,4
DA:46,1
DA:47,1
DA:50,3
DA:51,1
DA:52,1
DA:55,2
DA:56,1
DA:57,1
DA:59,1
DA:62,1
DA:63,5
DA:64,2
DA:65,2
DA:67,3
DA:70,1
DA:71,1
DA:72,0
DA:73,0
DA:75,1
DA:78,1
LF:48
LH:45
BRDA:8,0,0,14
BRDA:8,0,1,3
BRDA:8,1,0,17
BRDA:8,1,1,14
BRDA:10,2,0,0
BRDA:10,2,1,3
BRDA:10,3,0,3
BRDA:10,3,1,0
BRDA:18,4,0,1
BRDA:18,4,1,1
BRDA:29,5,0,1
BRDA:29,5,1,3
BRDA:34,6,0,1
BRDA:34,6,1,2
BRDA:45,7,0,1
BRDA:45,7,1,3
BRDA:50,8,0,1
BRDA:50,8,1,2
BRDA:55,9,0,1
BRDA:55,9,1,1
BRDA:63,10,0,2
BRDA:63,10,1,3
BRDA:71,11,0,0
BRDA:71,11,1,1
BRDA:71,12,0,1
BRDA:71,12,1,1
BRF:26
BRH:23
end_of_record
TN:
SF:/Users/mathieu/Lab/air/api/middlewares/errors.js
FN:1,(anonymous_0)
FN:2,(anonymous_1)
FNF:2
FNH:2
FNDA:9,(anonymous_0)
FNDA:17,(anonymous_1)
DA:1,1
DA:2,9
DA:3,17
LF:3
LH:3
BRF:0
BRH:0
end_of_record
TN:
SF:/Users/mathieu/Lab/air/api/middlewares/validator.js
FN:1,requireFields
FN:2,wrapped
FN:8,(anonymous_2)
FN:15,requireQuery
FN:16,wrapped
FN:22,(anonymous_5)
FNF:6
FNH:5
FNDA:4,requireFields
FNDA:20,wrapped
FNDA:11,(anonymous_2)
FNDA:2,requireQuery
FNDA:2,wrapped
FNDA:0,(anonymous_5)
DA:3,20
DA:4,47
DA:6,20
DA:7,20
DA:8,11
DA:10,11
DA:12,4
DA:17,2
DA:18,6
DA:20,2
DA:21,2
DA:22,0
DA:24,2
DA:26,2
DA:29,1
LF:15
LH:14
BRDA:7,0,0,9
BRDA:7,0,1,11
BRDA:21,1,0,0
BRDA:21,1,1,2
BRF:4
BRH:3
end_of_record
TN:
SF:/Users/mathieu/Lab/air/api/models/Consumption.js
FN:31,autopopulate
FNF:1
FNH:1
FNDA:3,autopopulate
DA:1,2
DA:3,2
DA:19,2
DA:20,2
DA:22,2
DA:32,3
DA:33,3
DA:36,2
DA:37,2
LF:9
LH:9
BRF:0
BRH:0
end_of_record
TN:
SF:/Users/mathieu/Lab/air/api/models/Product.js
FNF:0
FNH:0
DA:1,2
DA:3,2
DA:27,2
DA:29,2
DA:30,2
LF:5
LH:5
BRF:0
BRH:0
end_of_record
TN:
SF:/Users/mathieu/Lab/air/api/models/User.js
FN:52,(anonymous_0)
FN:67,autopopulate
FNF:2
FNH:1
FNDA:17,(anonymous_0)
FNDA:0,autopopulate
DA:1,2
DA:2,2
DA:3,2
DA:5,2
DA:35,2
DA:38,2
DA:52,2
DA:53,17
DA:68,0
DA:69,0
DA:72,2
DA:73,2
LF:12
LH:10
BRDA:58,0,0,6
BRDA:58,0,1,11
BRDA:59,1,0,3
BRDA:59,1,1,14
BRDA:60,2,0,3
BRDA:60,2,1,14
BRF:6
BRH:6
end_of_record
TN:
SF:/Users/mathieu/Lab/air/api/mongoose/index.js
FN:10,(anonymous_0)
FNF:1
FNH:0
FNDA:0,(anonymous_0)
DA:3,2
DA:4,2
DA:5,2
DA:7,2
DA:8,2
DA:10,0
DA:12,2
LF:7
LH:6
BRDA:5,0,0,0
BRDA:5,0,1,2
BRF:2
BRH:1
end_of_record
TN:
SF:/Users/mathieu/Lab/air/api/utils/index.js
FN:3,cleanDB
FN:15,randomHelper
FNF:2
FNH:2
FNDA:3,cleanDB
FNDA:3600,randomHelper
DA:1,2
DA:4,3
DA:5,9
DA:16,3600
DA:17,3600
DA:20,2
LF:6
LH:6
BRF:0
BRH:0
end_of_record
