TN:
SF:/Users/mathieu/Lab/air/api/data.js
FN:125,generateSample
FN:144,generateValues
FNF:2
FNH:0
FNDA:0,generateSample
FNDA:0,generateValues
DA:1,1
DA:2,1
DA:3,1
DA:4,1
DA:5,1
DA:9,1
DA:127,0
DA:128,0
DA:132,0
DA:133,0
DA:137,0
DA:138,0
DA:140,0
DA:141,0
DA:145,0
DA:146,0
DA:147,0
DA:148,0
DA:149,0
DA:154,0
DA:157,0
DA:160,1
LF:22
LH:7
BRF:0
BRH:0
end_of_record
TN:
SF:/Users/mathieu/Lab/air/api/controllers/consumption.js
FN:15,add
FN:27,get
FN:45,(anonymous_2)
FN:46,(anonymous_3)
FN:62,match
FN:73,calculatePrice
FN:74,(anonymous_6)
FN:83,calculateAndPredictPriceIfNeeded
FN:93,(anonymous_8)
FN:102,subtractAccordingToType
FN:104,(anonymous_10)
FN:105,(anonymous_11)
FN:106,(anonymous_12)
FN:107,(anonymous_13)
FN:112,getRangeIndex
FN:114,(anonymous_15)
FN:115,(anonymous_16)
FN:116,(anonymous_17)
FN:117,(anonymous_18)
FN:122,getDayOfWeek
FN:130,getConsumptionAccordingToTypeWrapperSerial
FN:135,calculateRangeWrapperSerial
FN:145,getConsumptionAccordingToType
FN:146,(anonymous_23)
FN:167,calculateRange
FN:168,(anonymous_25)
FN:187,matching
FN:190,(anonymous_27)
FN:193,(anonymous_28)
FN:204,(anonymous_29)
FN:207,(anonymous_30)
FN:211,(anonymous_31)
FN:222,(anonymous_32)
FN:253,calculateAverageWrapperSerial
FN:263,calculateAverage
FN:265,(anonymous_35)
FNF:36
FNH:20
FNDA:0,add
FNDA:0,get
FNDA:0,(anonymous_2)
FNDA:0,(anonymous_3)
FNDA:0,match
FNDA:0,calculatePrice
FNDA:0,(anonymous_6)
FNDA:0,calculateAndPredictPriceIfNeeded
FNDA:0,(anonymous_8)
FNDA:4,subtractAccordingToType
FNDA:1,(anonymous_10)
FNDA:1,(anonymous_11)
FNDA:1,(anonymous_12)
FNDA:1,(anonymous_13)
FNDA:384,getRangeIndex
FNDA:113,(anonymous_15)
FNDA:141,(anonymous_16)
FNDA:113,(anonymous_17)
FNDA:17,(anonymous_18)
FNDA:113,getDayOfWeek
FNDA:9,getConsumptionAccordingToTypeWrapperSerial
FNDA:5,calculateRangeWrapperSerial
FNDA:17,getConsumptionAccordingToType
FNDA:380,(anonymous_23)
FNDA:9,calculateRange
FNDA:45,(anonymous_25)
FNDA:0,matching
FNDA:0,(anonymous_27)
FNDA:0,(anonymous_28)
FNDA:0,(anonymous_29)
FNDA:0,(anonymous_30)
FNDA:0,(anonymous_31)
FNDA:0,(anonymous_32)
FNDA:1,calculateAverageWrapperSerial
FNDA:1,calculateAverage
FNDA:7,(anonymous_35)
DA:1,1
DA:2,1
DA:3,1
DA:4,1
DA:5,1
DA:7,1
DA:16,0
DA:17,0
DA:23,0
DA:24,0
DA:28,0
DA:34,0
DA:44,0
DA:45,0
DA:46,0
DA:50,0
DA:63,0
DA:64,0
DA:65,0
DA:74,0
DA:75,0
DA:84,0
DA:85,0
DA:86,0
DA:87,0
DA:88,0
DA:89,0
DA:93,0
DA:94,0
DA:103,4
DA:104,1
DA:105,1
DA:106,1
DA:107,1
DA:109,4
DA:113,384
DA:114,113
DA:115,141
DA:116,113
DA:117,17
DA:119,384
DA:123,113
DA:124,113
DA:125,16
DA:127,113
DA:131,9
DA:132,9
DA:136,5
DA:146,17
DA:147,380
DA:150,380
DA:151,297
DA:153,83
DA:154,83
DA:156,380
DA:159,17
DA:168,9
DA:169,45
DA:170,8
DA:175,37
DA:177,45
DA:189,0
DA:190,0
DA:193,0
DA:194,0
DA:195,0
DA:196,0
DA:198,0
DA:200,0
DA:203,0
DA:204,0
DA:206,0
DA:207,0
DA:210,0
DA:211,0
DA:212,0
DA:213,0
DA:214,0
DA:215,0
DA:217,0
DA:222,0
DA:223,0
DA:224,0
DA:225,0
DA:245,0
DA:254,1
DA:255,1
DA:264,1
DA:265,7
DA:266,1
DA:269,1
LF:91
LH:44
BRDA:86,0,0,0
BRDA:86,0,1,0
BRDA:124,1,0,16
BRDA:124,1,1,97
BRDA:150,2,0,297
BRDA:150,2,1,83
BRDA:150,3,0,380
BRDA:150,3,1,297
BRDA:169,4,0,8
BRDA:169,4,1,37
BRDA:171,5,0,6
BRDA:171,5,1,2
BRDA:195,6,0,0
BRDA:195,6,1,0
BRDA:214,7,0,0
BRDA:214,7,1,0
BRF:16
BRH:10
end_of_record
TN:
SF:/Users/mathieu/Lab/air/api/models/Consumption.js
FN:31,autopopulate
FNF:1
FNH:0
FNDA:0,autopopulate
DA:1,1
DA:3,1
DA:19,1
DA:20,1
DA:22,1
DA:32,0
DA:33,0
DA:36,1
DA:37,1
LF:9
LH:7
BRF:0
BRH:0
end_of_record
TN:
SF:/Users/mathieu/Lab/air/api/models/Product.js
FNF:0
FNH:0
DA:1,1
DA:3,1
DA:27,1
DA:29,1
DA:30,1
LF:5
LH:5
BRF:0
BRH:0
end_of_record
TN:
SF:/Users/mathieu/Lab/air/api/models/User.js
FN:52,(anonymous_0)
FN:67,autopopulate
FNF:2
FNH:0
FNDA:0,(anonymous_0)
FNDA:0,autopopulate
DA:1,1
DA:2,1
DA:3,1
DA:5,1
DA:35,1
DA:38,1
DA:52,1
DA:53,0
DA:68,0
DA:69,0
DA:72,1
DA:73,1
LF:12
LH:9
BRDA:58,0,0,0
BRDA:58,0,1,0
BRDA:59,1,0,0
BRDA:59,1,1,0
BRDA:60,2,0,0
BRDA:60,2,1,0
BRF:6
BRH:0
end_of_record
TN:
SF:/Users/mathieu/Lab/air/api/mongoose/index.js
FN:10,(anonymous_0)
FNF:1
FNH:0
FNDA:0,(anonymous_0)
DA:3,1
DA:4,1
DA:5,1
DA:7,1
DA:8,1
DA:10,0
DA:12,1
LF:7
LH:6
BRDA:5,0,0,0
BRDA:5,0,1,1
BRF:2
BRH:1
end_of_record
TN:
SF:/Users/mathieu/Lab/air/api/utils/index.js
FN:3,cleanDB
FN:15,randomHelper
FNF:2
FNH:0
FNDA:0,cleanDB
FNDA:0,randomHelper
DA:1,1
DA:4,0
DA:5,0
DA:16,0
DA:17,0
DA:20,1
LF:6
LH:2
BRF:0
BRH:0
end_of_record
